#
# There is insufficient memory for the Java Runtime Environment to continue.
# Native memory allocation (mmap) failed to map 112197632 bytes for Failed to commit area from 0x0000000090b00000 to 0x0000000097600000 of length 112197632.
# Possible reasons:
#   The system is out of physical RAM or swap space
#   The process is running with CompressedOops enabled, and the Java Heap may be blocking the growth of the native heap
# Possible solutions:
#   Reduce memory load on the system
#   Increase physical memory or swap space
#   Check if swap backing store is full
#   Decrease Java heap size (-Xmx/-Xms)
#   Decrease number of Java threads
#   Decrease Java thread stack sizes (-Xss)
#   Set larger code cache with -XX:ReservedCodeCacheSize=
#   JVM is running with Unscaled Compressed Oops mode in which the Java heap is
#     placed in the first 4GB address space. The Java Heap base address is the
#     maximum limit for the native heap growth. Please use -XX:HeapBaseMinAddress
#     to set the Java Heap base and to place the Java Heap above 4GB virtual address.
# This output file may be truncated or incomplete.
#
#  Out of Memory Error (./src/hotspot/os/windows/os_windows.cpp:3301), pid=1784, tid=14008
#
# JRE version: OpenJDK Runtime Environment (11.0.10) (build 11.0.10+0-b96-7249189)
# Java VM: OpenJDK 64-Bit Server VM (11.0.10+0-b96-7249189, mixed mode, tiered, compressed oops, g1 gc, windows-amd64)
# No core dump will be written. Minidumps are not enabled by default on client versions of Windows
#

---------------  S U M M A R Y ------------

Command Line: --add-opens=java.base/java.util=ALL-UNNAMED --add-opens=java.base/java.lang=ALL-UNNAMED --add-opens=java.base/java.lang.invoke=ALL-UNNAMED --add-opens=java.base/java.util=ALL-UNNAMED --add-opens=java.prefs/java.util.prefs=ALL-UNNAMED --add-opens=java.prefs/java.util.prefs=ALL-UNNAMED --add-opens=java.base/java.nio.charset=ALL-UNNAMED --add-opens=java.base/java.net=ALL-UNNAMED --add-opens=java.base/java.util.concurrent.atomic=ALL-UNNAMED -Xmx2048m -Dfile.encoding=UTF-8 -Duser.country=BR -Duser.language=pt -Duser.variant org.gradle.launcher.daemon.bootstrap.GradleDaemon 7.0.2

Host: Intel(R) Core(TM) i5-6200U CPU @ 2.30GHz, 4 cores, 7G,  Windows 10 , 64 bit Build 19041 (10.0.19041.1348)
Time: Thu Nov 18 15:08:57 2021 Hora oficial do Brasil elapsed time: 8148.494767 seconds (0d 2h 15m 48s)

---------------  T H R E A D  ---------------

Current thread (0x000001ebfc07a000):  VMThread "VM Thread" [stack: 0x00000007a3100000,0x00000007a3200000] [id=14008]

Stack: [0x00000007a3100000,0x00000007a3200000]
[error occurred during error reporting (printing stack bounds), id 0xc0000005, EXCEPTION_ACCESS_VIOLATION (0xc0000005) at pc=0x000001ebe5870f2d]

Native frames: (J=compiled Java code, j=interpreted, Vv=VM code, C=native code)
V  [jvm.dll+0x5ecfaa]
V  [jvm.dll+0x722bd5]
V  [jvm.dll+0x72412d]
V  [jvm.dll+0x724745]
V  [jvm.dll+0x7246fb]
V  [jvm.dll+0x5ec348]
V  [jvm.dll+0x5ecad8]
C  [ntdll.dll+0xa20cf]
C  [ntdll.dll+0x51454]
C  [ntdll.dll+0xa0bfe]
C  0x000001ebe5870f2d

VM_Operation (0x00000007a65fd1d0): G1CollectForAllocation, mode: safepoint, requested by thread 0x000001ebff431800


---------------  P R O C E S S  ---------------

Threads class SMR info:
_java_thread_list=0x000001eb86b22270, length=59, elements={
0x000001ebe058d000, 0x000001ebfc07e800, 0x000001ebfc081800, 0x000001ebfca22800,
0x000001ebfc099800, 0x000001ebfc09c800, 0x000001ebfc0ab000, 0x000001ebfc0ac000,
0x000001ebfc0b1800, 0x000001ebfcb8e000, 0x000001ebfed91800, 0x000001ebfe3a3800,
0x000001ebfe3ad800, 0x000001ebff379000, 0x000001ebff377800, 0x000001ebff378000,
0x000001ebff37b800, 0x000001ebff37d000, 0x000001ebff37a000, 0x000001ebff37c000,
0x000001ebff4be000, 0x000001ebff4bd000, 0x000001ebff4c1000, 0x000001ebff4c2000,
0x000001ebff4c9800, 0x000001ebff4c4800, 0x000001ebff4bf000, 0x000001ebff4c5800,
0x000001ebff4bf800, 0x000001ebff4c0800, 0x000001ebff4c7000, 0x000001ebff4c8000,
0x000001ebff4c8800, 0x000001ebff4c3000, 0x000001ebff4ca000, 0x000001ebff37a800,
0x000001ebff37e000, 0x000001ebff429800, 0x000001ebff42a000, 0x000001ebff42b000,
0x000001ebff42c000, 0x000001ebff426000, 0x000001ebff427800, 0x000001ebff42c800,
0x000001ebff427000, 0x000001ebff42d800, 0x000001ebff42e000, 0x000001ebff428800,
0x000001ebff431800, 0x000001ebff432800, 0x000001ebff434000, 0x000001ebff435000,
0x000001ebff430800, 0x000001ebff433000, 0x000001ebff430000, 0x000001ebff42f000,
0x000001eb82a70800, 0x000001eb82a71000, 0x000001ebfedb0800
}

Java Threads: ( => current thread )
  0x000001ebe058d000 JavaThread "main" [_thread_blocked, id=11028, stack(0x00000007a2b00000,0x00000007a2c00000)]
  0x000001ebfc07e800 JavaThread "Reference Handler" daemon [_thread_blocked, id=15056, stack(0x00000007a3200000,0x00000007a3300000)]
  0x000001ebfc081800 JavaThread "Finalizer" daemon [_thread_blocked, id=13800, stack(0x00000007a3300000,0x00000007a3400000)]
  0x000001ebfca22800 JavaThread "Signal Dispatcher" daemon [_thread_blocked, id=12756, stack(0x00000007a3400000,0x00000007a3500000)]
  0x000001ebfc099800 JavaThread "Attach Listener" daemon [_thread_blocked, id=16064, stack(0x00000007a3500000,0x00000007a3600000)]
  0x000001ebfc09c800 JavaThread "Service Thread" daemon [_thread_blocked, id=14744, stack(0x00000007a3600000,0x00000007a3700000)]
  0x000001ebfc0ab000 JavaThread "C2 CompilerThread0" daemon [_thread_blocked, id=13244, stack(0x00000007a3700000,0x00000007a3800000)]
  0x000001ebfc0ac000 JavaThread "C1 CompilerThread0" daemon [_thread_blocked, id=2492, stack(0x00000007a3800000,0x00000007a3900000)]
  0x000001ebfc0b1800 JavaThread "Sweeper thread" daemon [_thread_blocked, id=12200, stack(0x00000007a3900000,0x00000007a3a00000)]
  0x000001ebfcb8e000 JavaThread "Common-Cleaner" daemon [_thread_blocked, id=9132, stack(0x00000007a3a00000,0x00000007a3b00000)]
  0x000001ebfed91800 JavaThread "Daemon health stats" [_thread_blocked, id=4592, stack(0x00000007a3f00000,0x00000007a4000000)]
  0x000001ebfe3a3800 JavaThread "Incoming local TCP Connector on port 49825" [_thread_in_native, id=12640, stack(0x00000007a3c00000,0x00000007a3d00000)]
  0x000001ebfe3ad800 JavaThread "Daemon periodic checks" [_thread_blocked, id=7576, stack(0x00000007a4000000,0x00000007a4100000)]
  0x000001ebff379000 JavaThread "Cache worker for file hash cache (C:\Users\usuario\.gradle\caches\7.0.2\fileHashes)" [_thread_blocked, id=14068, stack(0x00000007a4900000,0x00000007a4a00000)]
  0x000001ebff377800 JavaThread "File lock request listener" [_thread_in_native, id=7352, stack(0x00000007a4a00000,0x00000007a4b00000)]
  0x000001ebff378000 JavaThread "Cache worker for journal cache (C:\Users\usuario\.gradle\caches\journal-1)" [_thread_blocked, id=6888, stack(0x00000007a4b00000,0x00000007a4c00000)]
  0x000001ebff37b800 JavaThread "File watcher server" daemon [_thread_blocked, id=8740, stack(0x00000007a4e00000,0x00000007a4f00000)]
  0x000001ebff37d000 JavaThread "File watcher consumer" daemon [_thread_blocked, id=4336, stack(0x00000007a4f00000,0x00000007a5000000)]
  0x000001ebff37a000 JavaThread "jar transforms" [_thread_blocked, id=5352, stack(0x00000007a5000000,0x00000007a5100000)]
  0x000001ebff37c000 JavaThread "jar transforms Thread 2" [_thread_blocked, id=15892, stack(0x00000007a5100000,0x00000007a5200000)]
  0x000001ebff4be000 JavaThread "jar transforms Thread 3" [_thread_blocked, id=6044, stack(0x00000007a5200000,0x00000007a5300000)]
  0x000001ebff4bd000 JavaThread "jar transforms Thread 4" [_thread_blocked, id=5896, stack(0x00000007a5300000,0x00000007a5400000)]
  0x000001ebff4c1000 JavaThread "Cache worker for execution history cache (C:\Users\usuario\.gradle\caches\7.0.2\executionHistory)" [_thread_blocked, id=13660, stack(0x00000007a5700000,0x00000007a5800000)]
  0x000001ebff4c2000 JavaThread "Cache worker for file content cache (C:\Users\usuario\.gradle\caches\7.0.2\fileContent)" [_thread_blocked, id=2860, stack(0x00000007a5800000,0x00000007a5900000)]
  0x000001ebff4c9800 JavaThread "Memory manager" [_thread_blocked, id=14668, stack(0x00000007a5f00000,0x00000007a6000000)]
  0x000001ebff4c4800 JavaThread "Daemon Thread 2" [_thread_blocked, id=5616, stack(0x00000007a2800000,0x00000007a2900000)]
  0x000001ebff4bf000 JavaThread "Handler for socket connection from /127.0.0.1:49825 to /127.0.0.1:57576" [_thread_in_native, id=13276, stack(0x00000007a2900000,0x00000007a2a00000)]
  0x000001ebff4c5800 JavaThread "Cancel handler" [_thread_blocked, id=3676, stack(0x00000007a2a00000,0x00000007a2b00000)]
  0x000001ebff4bf800 JavaThread "Daemon worker Thread 2" [_thread_blocked, id=4856, stack(0x00000007a4100000,0x00000007a4200000)]
  0x000001ebff4c0800 JavaThread "Asynchronous log dispatcher for DefaultDaemonConnection: socket connection from /127.0.0.1:49825 to /127.0.0.1:57576" [_thread_blocked, id=7648, stack(0x00000007a4200000,0x00000007a4300000)]
  0x000001ebff4c7000 JavaThread "Stdin handler" [_thread_blocked, id=8464, stack(0x00000007a4300000,0x00000007a4400000)]
  0x000001ebff4c8000 JavaThread "Daemon client event forwarder" [_thread_blocked, id=15388, stack(0x00000007a4400000,0x00000007a4500000)]
  0x000001ebff4c8800 JavaThread "Cache worker for file hash cache (C:\Users\usuario\AndroidStudioProjects\RecyclerView\.gradle\7.0.2\fileHashes)" [_thread_blocked, id=13748, stack(0x00000007a4500000,0x00000007a4600000)]
  0x000001ebff4c3000 JavaThread "Cache worker for checksums cache (C:\Users\usuario\AndroidStudioProjects\RecyclerView\.gradle\checksums)" [_thread_blocked, id=12712, stack(0x00000007a4700000,0x00000007a4800000)]
  0x000001ebff4ca000 JavaThread "Cache worker for cache directory md-supplier (C:\Users\usuario\.gradle\caches\7.0.2\md-supplier)" [_thread_blocked, id=1544, stack(0x00000007a4c00000,0x00000007a4d00000)]
  0x000001ebff37a800 JavaThread "Cache worker for cache directory md-rule (C:\Users\usuario\.gradle\caches\7.0.2\md-rule)" [_thread_blocked, id=16116, stack(0x00000007a4d00000,0x00000007a4e00000)]
  0x000001ebff37e000 JavaThread "Cache worker for dependencies-accessors (C:\Users\usuario\AndroidStudioProjects\RecyclerView\.gradle\7.0.2\dependencies-accessors)" [_thread_blocked, id=4400, stack(0x00000007a5400000,0x00000007a5500000)]
  0x000001ebff429800 JavaThread "Cache worker for Build Output Cleanup Cache (C:\Users\usuario\AndroidStudioProjects\RecyclerView\.gradle\buildOutputCleanup)" [_thread_blocked, id=9188, stack(0x00000007a5500000,0x00000007a5600000)]
  0x000001ebff42a000 JavaThread "Build operations" [_thread_blocked, id=11732, stack(0x00000007a5600000,0x00000007a5700000)]
  0x000001ebff42b000 JavaThread "Build operations Thread 2" [_thread_blocked, id=15664, stack(0x00000007a5900000,0x00000007a5a00000)]
  0x000001ebff42c000 JavaThread "Build operations Thread 3" [_thread_blocked, id=14552, stack(0x00000007a5a00000,0x00000007a5b00000)]
  0x000001ebff426000 JavaThread "Build operations Thread 4" [_thread_blocked, id=7360, stack(0x00000007a5b00000,0x00000007a5c00000)]
  0x000001ebff427800 JavaThread "build event listener" [_thread_blocked, id=15272, stack(0x00000007a5c00000,0x00000007a5d00000)]
  0x000001ebff42c800 JavaThread "Execution worker for ':'" [_thread_blocked, id=6788, stack(0x00000007a5d00000,0x00000007a5e00000)]
  0x000001ebff427000 JavaThread "Execution worker for ':' Thread 2" [_thread_blocked, id=6984, stack(0x00000007a5e00000,0x00000007a5f00000)]
  0x000001ebff42d800 JavaThread "Execution worker for ':' Thread 3" [_thread_blocked, id=2924, stack(0x00000007a6000000,0x00000007a6100000)]
  0x000001ebff42e000 JavaThread "Cache worker for execution history cache (C:\Users\usuario\AndroidStudioProjects\RecyclerView\.gradle\7.0.2\executionHistory)" [_thread_blocked, id=12784, stack(0x00000007a6100000,0x00000007a6200000)]
  0x000001ebff428800 JavaThread "WorkerExecutor Queue" [_thread_blocked, id=14268, stack(0x00000007a6200000,0x00000007a6300000)]
  0x000001ebff431800 JavaThread "WorkerExecutor Queue Thread 3" [_thread_blocked, id=4692, stack(0x00000007a6500000,0x00000007a6600000)]
  0x000001ebff432800 JavaThread "WorkerExecutor Queue Thread 4" [_thread_blocked, id=16128, stack(0x00000007a6600000,0x00000007a6700000)]
  0x000001ebff434000 JavaThread "WorkerExecutor Queue Thread 5" [_thread_blocked, id=784, stack(0x00000007a6700000,0x00000007a6800000)]
  0x000001ebff435000 JavaThread "pool-4-thread-1" [_thread_blocked, id=15732, stack(0x00000007a6800000,0x00000007a6900000)]
  0x000001ebff430800 JavaThread "ForkJoinPool-2-worker-3" daemon [_thread_blocked, id=12188, stack(0x00000007a6400000,0x00000007a6500000)]
  0x000001ebff433000 JavaThread "ForkJoinPool-2-worker-5" daemon [_thread_blocked, id=13732, stack(0x00000007a6900000,0x00000007a6a00000)]
  0x000001ebff430000 JavaThread "ForkJoinPool-2-worker-7" daemon [_thread_blocked, id=11944, stack(0x00000007a6a00000,0x00000007a6b00000)]
  0x000001ebff42f000 JavaThread "ForkJoinPool-2-worker-1" daemon [_thread_blocked, id=5900, stack(0x00000007a6b00000,0x00000007a6c00000)]
  0x000001eb82a70800 JavaThread "stderr" [_thread_in_native, id=3124, stack(0x00000007a6c00000,0x00000007a6d00000)]
  0x000001eb82a71000 JavaThread "stdout" [_thread_in_native, id=1508, stack(0x00000007a6d00000,0x00000007a6e00000)]
  0x000001ebfedb0800 JavaThread "C2 CompilerThread1" daemon [_thread_blocked, id=7036, stack(0x00000007a4600000,0x00000007a4700000)]

Other Threads:
=>0x000001ebfc07a000 VMThread "VM Thread" [stack: 0x00000007a3100000,0x00000007a3200000] [id=14008]
  0x000001ebfcba3000 WatcherThread [stack: 0x00000007a3b00000,0x00000007a3c00000] [id=13100]
  0x000001ebe05a6800 GCTaskThread "GC Thread#0" [stack: 0x00000007a2c00000,0x00000007a2d00000] [id=6080]
  0x000001ebfd5de800 GCTaskThread "GC Thread#1" [stack: 0x00000007a3d00000,0x00000007a3e00000] [id=3360]
  0x000001ebfcc87000 GCTaskThread "GC Thread#2" [stack: 0x00000007a3e00000,0x00000007a3f00000] [id=6792]
  0x000001ebfde2f000 GCTaskThread "GC Thread#3" [stack: 0x00000007a4800000,0x00000007a4900000] [id=5660]
  0x000001ebe05d6000 ConcurrentGCThread "G1 Main Marker" [stack: 0x00000007a2d00000,0x00000007a2e00000] [id=6056]
  0x000001ebe05d8800 ConcurrentGCThread "G1 Conc#0" [stack: 0x00000007a2e00000,0x00000007a2f00000] [id=14536]
  0x000001ebe066c000 ConcurrentGCThread "G1 Refine#0" [stack: 0x00000007a2f00000,0x00000007a3000000] [id=15912]
  0x000001ebfced9000 ConcurrentGCThread "G1 Refine#1" [stack: 0x00000007a6300000,0x00000007a6400000] [id=2680]
  0x000001ebe066d000 ConcurrentGCThread "G1 Young RemSet Sampling" [stack: 0x00000007a3000000,0x00000007a3100000] [id=12284]

Threads with active compile tasks:
C2 CompilerThread08148544 19632       4       com.android.tools.r8.internal.Ij::next (32 bytes)

VM state:at safepoint (normal execution)

VM Mutex/Monitor currently owned by a thread:  ([mutex/lock_event])
[0x000001ebe05899b0] Threads_lock - owner thread: 0x000001ebfc07a000
[0x000001ebe0589da0] Heap_lock - owner thread: 0x000001ebff431800

Heap address: 0x0000000080000000, size: 2048 MB, Compressed Oops mode: 32-bit
Narrow klass base: 0x0000000000000000, Narrow klass shift: 3
Compressed class space size: 1073741824 Address: 0x0000000100000000

Heap:
 garbage-first heap   total 382976K, used 198138K [0x0000000080000000, 0x0000000100000000)
  region size 1024K, 2 young (2048K), 2 survivors (2048K)
 Metaspace       used 125995K, capacity 129067K, committed 129188K, reserved 1161216K
  class space    used 15866K, capacity 17031K, committed 17060K, reserved 1048576K
Heap Regions: E=young(eden), S=young(survivor), O=old, HS=humongous(starts), HC=humongous(continues), CS=collection set, F=free, A=archive, TAMS=top-at-mark-start (previous, next)
|   0|0x0000000080000000, 0x0000000080100000, 0x0000000080100000|100%| O|  |TAMS 0x0000000080100000, 0x0000000080000000| Untracked 
|   1|0x0000000080100000, 0x0000000080200000, 0x0000000080200000|100%| O|  |TAMS 0x0000000080200000, 0x0000000080100000| Untracked 
|   2|0x0000000080200000, 0x0000000080300000, 0x0000000080300000|100%| O|  |TAMS 0x0000000080300000, 0x0000000080200000| Untracked 
|   3|0x0000000080300000, 0x0000000080400000, 0x0000000080400000|100%|HS|  |TAMS 0x0000000080400000, 0x0000000080300000| Complete 
|   4|0x0000000080400000, 0x0000000080500000, 0x0000000080500000|100%|HC|  |TAMS 0x0000000080500000, 0x0000000080400000| Complete 
|   5|0x0000000080500000, 0x0000000080600000, 0x0000000080600000|100%|HC|  |TAMS 0x0000000080600000, 0x0000000080500000| Complete 
|   6|0x0000000080600000, 0x0000000080700000, 0x0000000080700000|100%| O|  |TAMS 0x0000000080700000, 0x0000000080600000| Untracked 
|   7|0x0000000080700000, 0x0000000080800000, 0x0000000080800000|100%| O|  |TAMS 0x0000000080800000, 0x0000000080700000| Untracked 
|   8|0x0000000080800000, 0x0000000080900000, 0x0000000080900000|100%| O|  |TAMS 0x0000000080900000, 0x0000000080800000| Untracked 
|   9|0x0000000080900000, 0x0000000080a00000, 0x0000000080a00000|100%| O|  |TAMS 0x0000000080a00000, 0x0000000080900000| Complete 
|  10|0x0000000080a00000, 0x0000000080b00000, 0x0000000080b00000|100%| O|  |TAMS 0x0000000080b00000, 0x0000000080a00000| Untracked 
|  11|0x0000000080b00000, 0x0000000080c00000, 0x0000000080c00000|100%| O|  |TAMS 0x0000000080c00000, 0x0000000080b00000| Untracked 
|  12|0x0000000080c00000, 0x0000000080d00000, 0x0000000080d00000|100%| O|  |TAMS 0x0000000080d00000, 0x0000000080c00000| Untracked 
|  13|0x0000000080d00000, 0x0000000080e00000, 0x0000000080e00000|100%| O|  |TAMS 0x0000000080e00000, 0x0000000080d00000| Untracked 
|  14|0x0000000080e00000, 0x0000000080f00000, 0x0000000080f00000|100%| O|  |TAMS 0x0000000080f00000, 0x0000000080e00000| Complete 
|  15|0x0000000080f00000, 0x0000000081000000, 0x0000000081000000|100%| O|  |TAMS 0x0000000081000000, 0x0000000080f00000| Complete 
|  16|0x0000000081000000, 0x0000000081100000, 0x0000000081100000|100%|HS|  |TAMS 0x0000000081100000, 0x0000000081000000| Complete 
|  17|0x0000000081100000, 0x0000000081200000, 0x0000000081200000|100%|HC|  |TAMS 0x0000000081200000, 0x0000000081100000| Complete 
|  18|0x0000000081200000, 0x0000000081300000, 0x0000000081300000|100%|HS|  |TAMS 0x0000000081300000, 0x0000000081200000| Complete 
|  19|0x0000000081300000, 0x0000000081400000, 0x0000000081400000|100%|HC|  |TAMS 0x0000000081400000, 0x0000000081300000| Complete 
|  20|0x0000000081400000, 0x0000000081500000, 0x0000000081500000|100%|HC|  |TAMS 0x0000000081500000, 0x0000000081400000| Complete 
|  21|0x0000000081500000, 0x0000000081600000, 0x0000000081600000|100%|HS|  |TAMS 0x0000000081600000, 0x0000000081500000| Complete 
|  22|0x0000000081600000, 0x0000000081700000, 0x0000000081700000|100%|HC|  |TAMS 0x0000000081700000, 0x0000000081600000| Complete 
|  23|0x0000000081700000, 0x0000000081800000, 0x0000000081800000|100%|HC|  |TAMS 0x0000000081800000, 0x0000000081700000| Complete 
|  24|0x0000000081800000, 0x0000000081900000, 0x0000000081900000|100%|HC|  |TAMS 0x0000000081900000, 0x0000000081800000| Complete 
|  25|0x0000000081900000, 0x0000000081a00000, 0x0000000081a00000|100%|HC|  |TAMS 0x0000000081a00000, 0x0000000081900000| Complete 
|  26|0x0000000081a00000, 0x0000000081b00000, 0x0000000081b00000|100%| O|  |TAMS 0x0000000081b00000, 0x0000000081a00000| Complete 
|  27|0x0000000081b00000, 0x0000000081c00000, 0x0000000081c00000|100%| O|  |TAMS 0x0000000081c00000, 0x0000000081b00000| Complete 
|  28|0x0000000081c00000, 0x0000000081d00000, 0x0000000081d00000|100%| O|  |TAMS 0x0000000081d00000, 0x0000000081c00000| Complete 
|  29|0x0000000081d00000, 0x0000000081e00000, 0x0000000081e00000|100%| O|  |TAMS 0x0000000081e00000, 0x0000000081d00000| Complete 
|  30|0x0000000081e00000, 0x0000000081f00000, 0x0000000081f00000|100%| O|  |TAMS 0x0000000081f00000, 0x0000000081e00000| Complete 
|  31|0x0000000081f00000, 0x0000000082000000, 0x0000000082000000|100%| O|  |TAMS 0x0000000082000000, 0x0000000081f00000| Complete 
|  32|0x0000000082000000, 0x0000000082100000, 0x0000000082100000|100%| O|  |TAMS 0x0000000082100000, 0x0000000082000000| Untracked 
|  33|0x0000000082100000, 0x0000000082200000, 0x0000000082200000|100%| O|  |TAMS 0x0000000082200000, 0x0000000082100000| Complete 
|  34|0x0000000082200000, 0x0000000082300000, 0x0000000082300000|100%| O|  |TAMS 0x0000000082300000, 0x0000000082200000| Complete 
|  35|0x0000000082300000, 0x0000000082400000, 0x0000000082400000|100%|HS|  |TAMS 0x0000000082400000, 0x0000000082300000| Complete 
|  36|0x0000000082400000, 0x0000000082500000, 0x0000000082500000|100%|HC|  |TAMS 0x0000000082500000, 0x0000000082400000| Complete 
|  37|0x0000000082500000, 0x0000000082600000, 0x0000000082600000|100%|HC|  |TAMS 0x0000000082600000, 0x0000000082500000| Complete 
|  38|0x0000000082600000, 0x0000000082700000, 0x0000000082700000|100%|HC|  |TAMS 0x0000000082700000, 0x0000000082600000| Complete 
|  39|0x0000000082700000, 0x0000000082800000, 0x0000000082800000|100%|HC|  |TAMS 0x0000000082800000, 0x0000000082700000| Complete 
|  40|0x0000000082800000, 0x0000000082900000, 0x0000000082900000|100%|HS|  |TAMS 0x0000000082900000, 0x0000000082800000| Complete 
|  41|0x0000000082900000, 0x0000000082a00000, 0x0000000082a00000|100%|HC|  |TAMS 0x0000000082a00000, 0x0000000082900000| Complete 
|  42|0x0000000082a00000, 0x0000000082b00000, 0x0000000082b00000|100%|HC|  |TAMS 0x0000000082b00000, 0x0000000082a00000| Complete 
|  43|0x0000000082b00000, 0x0000000082c00000, 0x0000000082c00000|100%| O|  |TAMS 0x0000000082c00000, 0x0000000082b00000| Untracked 
|  44|0x0000000082c00000, 0x0000000082d00000, 0x0000000082d00000|100%| O|  |TAMS 0x0000000082d00000, 0x0000000082c00000| Untracked 
|  45|0x0000000082d00000, 0x0000000082e00000, 0x0000000082e00000|100%| O|  |TAMS 0x0000000082e00000, 0x0000000082d00000| Untracked 
|  46|0x0000000082e00000, 0x0000000082f00000, 0x0000000082f00000|100%|HS|  |TAMS 0x0000000082f00000, 0x0000000082e00000| Complete 
|  47|0x0000000082f00000, 0x0000000083000000, 0x0000000083000000|100%| O|  |TAMS 0x0000000083000000, 0x0000000082f00000| Complete 
|  48|0x0000000083000000, 0x0000000083100000, 0x0000000083100000|100%| O|  |TAMS 0x0000000083100000, 0x0000000083000000| Untracked 
|  49|0x0000000083100000, 0x0000000083200000, 0x0000000083200000|100%| O|  |TAMS 0x0000000083200000, 0x0000000083100000| Complete 
|  50|0x0000000083200000, 0x0000000083300000, 0x0000000083300000|100%|HS|  |TAMS 0x0000000083300000, 0x0000000083200000| Complete 
|  51|0x0000000083300000, 0x0000000083400000, 0x0000000083400000|100%|HS|  |TAMS 0x0000000083400000, 0x0000000083300000| Complete 
|  52|0x0000000083400000, 0x0000000083500000, 0x0000000083500000|100%|HS|  |TAMS 0x0000000083500000, 0x0000000083400000| Complete 
|  53|0x0000000083500000, 0x0000000083600000, 0x0000000083600000|100%|HC|  |TAMS 0x0000000083600000, 0x0000000083500000| Complete 
|  54|0x0000000083600000, 0x0000000083700000, 0x0000000083700000|100%|HC|  |TAMS 0x0000000083700000, 0x0000000083600000| Complete 
|  55|0x0000000083700000, 0x0000000083800000, 0x0000000083800000|100%|HS|  |TAMS 0x0000000083800000, 0x0000000083700000| Complete 
|  56|0x0000000083800000, 0x0000000083900000, 0x0000000083900000|100%|HC|  |TAMS 0x0000000083900000, 0x0000000083800000| Complete 
|  57|0x0000000083900000, 0x0000000083a00000, 0x0000000083a00000|100%| O|  |TAMS 0x0000000083a00000, 0x0000000083900000| Untracked 
|  58|0x0000000083a00000, 0x0000000083b00000, 0x0000000083b00000|100%| O|  |TAMS 0x0000000083b00000, 0x0000000083a00000| Untracked 
|  59|0x0000000083b00000, 0x0000000083c00000, 0x0000000083c00000|100%| O|  |TAMS 0x0000000083c00000, 0x0000000083b00000| Complete 
|  60|0x0000000083c00000, 0x0000000083d00000, 0x0000000083d00000|100%| O|  |TAMS 0x0000000083d00000, 0x0000000083c00000| Complete 
|  61|0x0000000083d00000, 0x0000000083e00000, 0x0000000083e00000|100%| O|  |TAMS 0x0000000083e00000, 0x0000000083d00000| Complete 
|  62|0x0000000083e00000, 0x0000000083f00000, 0x0000000083f00000|100%| O|  |TAMS 0x0000000083f00000, 0x0000000083e00000| Complete 
|  63|0x0000000083f00000, 0x0000000084000000, 0x0000000084000000|100%| O|  |TAMS 0x0000000084000000, 0x0000000083f00000| Untracked 
|  64|0x0000000084000000, 0x0000000084100000, 0x0000000084100000|100%| O|  |TAMS 0x0000000084100000, 0x0000000084000000| Untracked 
|  65|0x0000000084100000, 0x0000000084200000, 0x0000000084200000|100%| O|  |TAMS 0x0000000084200000, 0x0000000084100000| Untracked 
|  66|0x0000000084200000, 0x0000000084300000, 0x0000000084300000|100%| O|  |TAMS 0x0000000084300000, 0x0000000084200000| Untracked 
|  67|0x0000000084300000, 0x0000000084400000, 0x0000000084400000|100%| O|  |TAMS 0x0000000084400000, 0x0000000084300000| Untracked 
|  68|0x0000000084400000, 0x0000000084500000, 0x0000000084500000|100%| O|  |TAMS 0x0000000084500000, 0x0000000084400000| Untracked 
|  69|0x0000000084500000, 0x0000000084600000, 0x0000000084600000|100%| O|  |TAMS 0x0000000084600000, 0x0000000084500000| Complete 
|  70|0x0000000084600000, 0x0000000084700000, 0x0000000084700000|100%| O|  |TAMS 0x0000000084700000, 0x0000000084600000| Complete 
|  71|0x0000000084700000, 0x0000000084800000, 0x0000000084800000|100%| O|  |TAMS 0x0000000084800000, 0x0000000084700000| Complete 
|  72|0x0000000084800000, 0x0000000084900000, 0x0000000084900000|100%| O|  |TAMS 0x0000000084900000, 0x0000000084800000| Complete 
|  73|0x0000000084900000, 0x0000000084a00000, 0x0000000084a00000|100%| O|  |TAMS 0x0000000084a00000, 0x0000000084900000| Untracked 
|  74|0x0000000084a00000, 0x0000000084b00000, 0x0000000084b00000|100%| O|  |TAMS 0x0000000084b00000, 0x0000000084a00000| Complete 
|  75|0x0000000084b00000, 0x0000000084c00000, 0x0000000084c00000|100%| O|  |TAMS 0x0000000084c00000, 0x0000000084b00000| Complete 
|  76|0x0000000084c00000, 0x0000000084d00000, 0x0000000084d00000|100%| O|  |TAMS 0x0000000084d00000, 0x0000000084c00000| Complete 
|  77|0x0000000084d00000, 0x0000000084e00000, 0x0000000084e00000|100%| O|  |TAMS 0x0000000084e00000, 0x0000000084d00000| Complete 
|  78|0x0000000084e00000, 0x0000000084e00000, 0x0000000084f00000|  0%| F|  |TAMS 0x0000000084e00000, 0x0000000084e00000| Untracked 
|  79|0x0000000084f00000, 0x0000000085000000, 0x0000000085000000|100%| O|  |TAMS 0x0000000085000000, 0x0000000084f00000| Complete 
|  80|0x0000000085000000, 0x0000000085100000, 0x0000000085100000|100%|HS|  |TAMS 0x0000000085100000, 0x0000000085000000| Complete 
|  81|0x0000000085100000, 0x0000000085200000, 0x0000000085200000|100%|HC|  |TAMS 0x0000000085200000, 0x0000000085100000| Complete 
|  82|0x0000000085200000, 0x0000000085300000, 0x0000000085300000|100%|HS|  |TAMS 0x0000000085300000, 0x0000000085200000| Complete 
|  83|0x0000000085300000, 0x0000000085400000, 0x0000000085400000|100%| O|  |TAMS 0x0000000085400000, 0x0000000085300000| Complete 
|  84|0x0000000085400000, 0x0000000085500000, 0x0000000085500000|100%| O|  |TAMS 0x0000000085500000, 0x0000000085400000| Complete 
|  85|0x0000000085500000, 0x0000000085600000, 0x0000000085600000|100%| O|  |TAMS 0x0000000085600000, 0x0000000085500000| Complete 
|  86|0x0000000085600000, 0x0000000085700000, 0x0000000085700000|100%|HS|  |TAMS 0x0000000085700000, 0x0000000085600000| Complete 
|  87|0x0000000085700000, 0x0000000085800000, 0x0000000085800000|100%| O|  |TAMS 0x0000000085800000, 0x0000000085700000| Complete 
|  88|0x0000000085800000, 0x0000000085900000, 0x0000000085900000|100%|HS|  |TAMS 0x0000000085900000, 0x0000000085800000| Complete 
|  89|0x0000000085900000, 0x0000000085a00000, 0x0000000085a00000|100%|HC|  |TAMS 0x0000000085a00000, 0x0000000085900000| Complete 
|  90|0x0000000085a00000, 0x0000000085b00000, 0x0000000085b00000|100%|HC|  |TAMS 0x0000000085b00000, 0x0000000085a00000| Complete 
|  91|0x0000000085b00000, 0x0000000085c00000, 0x0000000085c00000|100%|HS|  |TAMS 0x0000000085c00000, 0x0000000085b00000| Complete 
|  92|0x0000000085c00000, 0x0000000085d00000, 0x0000000085d00000|100%| O|  |TAMS 0x0000000085d00000, 0x0000000085c00000| Complete 
|  93|0x0000000085d00000, 0x0000000085e00000, 0x0000000085e00000|100%| O|  |TAMS 0x0000000085e00000, 0x0000000085d00000| Untracked 
|  94|0x0000000085e00000, 0x0000000085f00000, 0x0000000085f00000|100%| O|  |TAMS 0x0000000085f00000, 0x0000000085e00000| Untracked 
|  95|0x0000000085f00000, 0x0000000086000000, 0x0000000086000000|100%| O|  |TAMS 0x0000000086000000, 0x0000000085f00000| Complete 
|  96|0x0000000086000000, 0x0000000086100000, 0x0000000086100000|100%| O|  |TAMS 0x0000000086100000, 0x0000000086000000| Untracked 
|  97|0x0000000086100000, 0x0000000086200000, 0x0000000086200000|100%| O|  |TAMS 0x0000000086200000, 0x0000000086100000| Untracked 
|  98|0x0000000086200000, 0x0000000086300000, 0x0000000086300000|100%| O|  |TAMS 0x0000000086300000, 0x0000000086200000| Untracked 
|  99|0x0000000086300000, 0x0000000086400000, 0x0000000086400000|100%| O|  |TAMS 0x0000000086400000, 0x0000000086300000| Untracked 
| 100|0x0000000086400000, 0x0000000086500000, 0x0000000086500000|100%| O|  |TAMS 0x0000000086500000, 0x0000000086400000| Complete 
| 101|0x0000000086500000, 0x0000000086600000, 0x0000000086600000|100%| O|  |TAMS 0x0000000086600000, 0x0000000086500000| Untracked 
| 102|0x0000000086600000, 0x0000000086700000, 0x0000000086700000|100%| O|  |TAMS 0x0000000086700000, 0x0000000086600000| Untracked 
| 103|0x0000000086700000, 0x0000000086800000, 0x0000000086800000|100%|HS|  |TAMS 0x0000000086800000, 0x0000000086700000| Complete 
| 104|0x0000000086800000, 0x0000000086900000, 0x0000000086900000|100%| O|  |TAMS 0x0000000086900000, 0x0000000086800000| Complete 
| 105|0x0000000086900000, 0x0000000086a00000, 0x0000000086a00000|100%| O|  |TAMS 0x0000000086a00000, 0x0000000086900000| Untracked 
| 106|0x0000000086a00000, 0x0000000086b00000, 0x0000000086b00000|100%| O|  |TAMS 0x0000000086b00000, 0x0000000086a00000| Complete 
| 107|0x0000000086b00000, 0x0000000086c00000, 0x0000000086c00000|100%| O|  |TAMS 0x0000000086c00000, 0x0000000086b00000| Untracked 
| 108|0x0000000086c00000, 0x0000000086d00000, 0x0000000086d00000|100%| O|  |TAMS 0x0000000086d00000, 0x0000000086c00000| Untracked 
| 109|0x0000000086d00000, 0x0000000086e00000, 0x0000000086e00000|100%| O|  |TAMS 0x0000000086e00000, 0x0000000086d00000| Untracked 
| 110|0x0000000086e00000, 0x0000000086f00000, 0x0000000086f00000|100%| O|  |TAMS 0x0000000086f00000, 0x0000000086e00000| Untracked 
| 111|0x0000000086f00000, 0x0000000087000000, 0x0000000087000000|100%| O|  |TAMS 0x0000000087000000, 0x0000000086f00000| Untracked 
| 112|0x0000000087000000, 0x0000000087100000, 0x0000000087100000|100%| O|  |TAMS 0x0000000087100000, 0x0000000087000000| Complete 
| 113|0x0000000087100000, 0x0000000087200000, 0x0000000087200000|100%| O|  |TAMS 0x0000000087200000, 0x0000000087100000| Untracked 
| 114|0x0000000087200000, 0x0000000087300000, 0x0000000087300000|100%| O|  |TAMS 0x0000000087300000, 0x0000000087200000| Complete 
| 115|0x0000000087300000, 0x0000000087400000, 0x0000000087400000|100%| O|  |TAMS 0x0000000087400000, 0x0000000087300000| Untracked 
| 116|0x0000000087400000, 0x0000000087500000, 0x0000000087500000|100%| O|  |TAMS 0x0000000087500000, 0x0000000087400000| Untracked 
| 117|0x0000000087500000, 0x0000000087600000, 0x0000000087600000|100%| O|  |TAMS 0x0000000087600000, 0x0000000087500000| Untracked 
| 118|0x0000000087600000, 0x0000000087700000, 0x0000000087700000|100%| O|  |TAMS 0x0000000087700000, 0x0000000087600000| Complete 
| 119|0x0000000087700000, 0x0000000087800000, 0x0000000087800000|100%| O|  |TAMS 0x0000000087800000, 0x0000000087700000| Untracked 
| 120|0x0000000087800000, 0x0000000087900000, 0x0000000087900000|100%|HS|  |TAMS 0x0000000087900000, 0x0000000087800000| Complete 
| 121|0x0000000087900000, 0x0000000087a00000, 0x0000000087a00000|100%|HC|  |TAMS 0x0000000087a00000, 0x0000000087900000| Complete 
| 122|0x0000000087a00000, 0x0000000087b00000, 0x0000000087b00000|100%|HS|  |TAMS 0x0000000087b00000, 0x0000000087a00000| Complete 
| 123|0x0000000087b00000, 0x0000000087c00000, 0x0000000087c00000|100%| O|  |TAMS 0x0000000087c00000, 0x0000000087b00000| Untracked 
| 124|0x0000000087c00000, 0x0000000087d00000, 0x0000000087d00000|100%|HS|  |TAMS 0x0000000087d00000, 0x0000000087c00000| Complete 
| 125|0x0000000087d00000, 0x0000000087e00000, 0x0000000087e00000|100%| O|  |TAMS 0x0000000087e00000, 0x0000000087d00000| Untracked 
| 126|0x0000000087e00000, 0x0000000087f00000, 0x0000000087f00000|100%| O|  |TAMS 0x0000000087f00000, 0x0000000087e00000| Untracked 
| 127|0x0000000087f00000, 0x0000000088000000, 0x0000000088000000|100%| O|  |TAMS 0x0000000088000000, 0x0000000087f00000| Untracked 
| 128|0x0000000088000000, 0x0000000088100000, 0x0000000088100000|100%| O|  |TAMS 0x0000000088100000, 0x0000000088000000| Untracked 
| 129|0x0000000088100000, 0x0000000088200000, 0x0000000088200000|100%|HS|  |TAMS 0x0000000088200000, 0x0000000088100000| Complete 
| 130|0x0000000088200000, 0x0000000088300000, 0x0000000088300000|100%|HC|  |TAMS 0x0000000088300000, 0x0000000088200000| Complete 
| 131|0x0000000088300000, 0x0000000088400000, 0x0000000088400000|100%|HC|  |TAMS 0x0000000088400000, 0x0000000088300000| Complete 
| 132|0x0000000088400000, 0x0000000088500000, 0x0000000088500000|100%| O|  |TAMS 0x0000000088500000, 0x0000000088400000| Untracked 
| 133|0x0000000088500000, 0x0000000088600000, 0x0000000088600000|100%|HS|  |TAMS 0x0000000088600000, 0x0000000088500000| Complete 
| 134|0x0000000088600000, 0x0000000088700000, 0x0000000088700000|100%| O|  |TAMS 0x0000000088700000, 0x0000000088600000| Untracked 
| 135|0x0000000088700000, 0x0000000088800000, 0x0000000088800000|100%| O|  |TAMS 0x0000000088800000, 0x0000000088700000| Complete 
| 136|0x0000000088800000, 0x0000000088900000, 0x0000000088900000|100%| O|  |TAMS 0x0000000088900000, 0x0000000088800000| Untracked 
| 137|0x0000000088900000, 0x0000000088a00000, 0x0000000088a00000|100%| O|  |TAMS 0x0000000088a00000, 0x0000000088900000| Untracked 
| 138|0x0000000088a00000, 0x0000000088b00000, 0x0000000088b00000|100%| O|  |TAMS 0x0000000088b00000, 0x0000000088a00000| Untracked 
| 139|0x0000000088b00000, 0x0000000088c00000, 0x0000000088c00000|100%| O|  |TAMS 0x0000000088c00000, 0x0000000088b00000| Untracked 
| 140|0x0000000088c00000, 0x0000000088d00000, 0x0000000088d00000|100%| O|  |TAMS 0x0000000088d00000, 0x0000000088c00000| Complete 
| 141|0x0000000088d00000, 0x0000000088e00000, 0x0000000088e00000|100%| O|  |TAMS 0x0000000088e00000, 0x0000000088d00000| Untracked 
| 142|0x0000000088e00000, 0x0000000088f00000, 0x0000000088f00000|100%| O|  |TAMS 0x0000000088f00000, 0x0000000088e00000| Untracked 
| 143|0x0000000088f00000, 0x0000000089000000, 0x0000000089000000|100%| O|  |TAMS 0x0000000089000000, 0x0000000088f00000| Untracked 
| 144|0x0000000089000000, 0x0000000089100000, 0x0000000089100000|100%| O|  |TAMS 0x0000000089100000, 0x0000000089000000| Untracked 
| 145|0x0000000089100000, 0x0000000089200000, 0x0000000089200000|100%| O|  |TAMS 0x0000000089200000, 0x0000000089100000| Complete 
| 146|0x0000000089200000, 0x0000000089300000, 0x0000000089300000|100%| O|  |TAMS 0x0000000089300000, 0x0000000089200000| Untracked 
| 147|0x0000000089300000, 0x0000000089400000, 0x0000000089400000|100%| O|  |TAMS 0x0000000089400000, 0x0000000089300000| Untracked 
| 148|0x0000000089400000, 0x0000000089500000, 0x0000000089500000|100%| O|  |TAMS 0x0000000089500000, 0x0000000089400000| Untracked 
| 149|0x0000000089500000, 0x0000000089600000, 0x0000000089600000|100%| O|  |TAMS 0x0000000089600000, 0x0000000089500000| Untracked 
| 150|0x0000000089600000, 0x0000000089700000, 0x0000000089700000|100%| O|  |TAMS 0x0000000089700000, 0x0000000089600000| Untracked 
| 151|0x0000000089700000, 0x0000000089800000, 0x0000000089800000|100%| O|  |TAMS 0x0000000089800000, 0x0000000089700000| Untracked 
| 152|0x0000000089800000, 0x0000000089900000, 0x0000000089900000|100%| O|  |TAMS 0x0000000089900000, 0x0000000089800000| Untracked 
| 153|0x0000000089900000, 0x0000000089a00000, 0x0000000089a00000|100%| O|  |TAMS 0x0000000089a00000, 0x0000000089900000| Untracked 
| 154|0x0000000089a00000, 0x0000000089b00000, 0x0000000089b00000|100%| O|  |TAMS 0x0000000089b00000, 0x0000000089a00000| Untracked 
| 155|0x0000000089b00000, 0x0000000089c00000, 0x0000000089c00000|100%| O|  |TAMS 0x0000000089c00000, 0x0000000089b00000| Untracked 
| 156|0x0000000089c00000, 0x0000000089d00000, 0x0000000089d00000|100%| O|  |TAMS 0x0000000089d00000, 0x0000000089c00000| Untracked 
| 157|0x0000000089d00000, 0x0000000089e00000, 0x0000000089e00000|100%| O|  |TAMS 0x0000000089e00000, 0x0000000089d00000| Untracked 
| 158|0x0000000089e00000, 0x0000000089f00000, 0x0000000089f00000|100%| O|  |TAMS 0x0000000089f00000, 0x0000000089e00000| Untracked 
| 159|0x0000000089f00000, 0x000000008a000000, 0x000000008a000000|100%| O|  |TAMS 0x000000008a000000, 0x0000000089f00000| Untracked 
| 160|0x000000008a000000, 0x000000008a100000, 0x000000008a100000|100%| O|  |TAMS 0x000000008a100000, 0x000000008a000000| Complete 
| 161|0x000000008a100000, 0x000000008a200000, 0x000000008a200000|100%| O|  |TAMS 0x000000008a200000, 0x000000008a100000| Untracked 
| 162|0x000000008a200000, 0x000000008a300000, 0x000000008a300000|100%| O|  |TAMS 0x000000008a300000, 0x000000008a200000| Untracked 
| 163|0x000000008a300000, 0x000000008a400000, 0x000000008a400000|100%| O|  |TAMS 0x000000008a400000, 0x000000008a300000| Untracked 
| 164|0x000000008a400000, 0x000000008a500000, 0x000000008a500000|100%| O|  |TAMS 0x000000008a500000, 0x000000008a400000| Untracked 
| 165|0x000000008a500000, 0x000000008a600000, 0x000000008a600000|100%| O|  |TAMS 0x000000008a600000, 0x000000008a500000| Untracked 
| 166|0x000000008a600000, 0x000000008a700000, 0x000000008a700000|100%| O|  |TAMS 0x000000008a700000, 0x000000008a600000| Untracked 
| 167|0x000000008a700000, 0x000000008a800000, 0x000000008a800000|100%| O|  |TAMS 0x000000008a800000, 0x000000008a700000| Untracked 
| 168|0x000000008a800000, 0x000000008a900000, 0x000000008a900000|100%| O|  |TAMS 0x000000008a900000, 0x000000008a800000| Untracked 
| 169|0x000000008a900000, 0x000000008aa00000, 0x000000008aa00000|100%| O|  |TAMS 0x000000008aa00000, 0x000000008a900000| Untracked 
| 170|0x000000008aa00000, 0x000000008ab00000, 0x000000008ab00000|100%| O|  |TAMS 0x000000008ab00000, 0x000000008aa00000| Untracked 
| 171|0x000000008ab00000, 0x000000008ac00000, 0x000000008ac00000|100%| O|  |TAMS 0x000000008ac00000, 0x000000008ab00000| Untracked 
| 172|0x000000008ac00000, 0x000000008ad00000, 0x000000008ad00000|100%| O|  |TAMS 0x000000008ad00000, 0x000000008ac00000| Untracked 
| 173|0x000000008ad00000, 0x000000008ae00000, 0x000000008ae00000|100%| O|  |TAMS 0x000000008ae00000, 0x000000008ad00000| Untracked 
| 174|0x000000008ae00000, 0x000000008af00000, 0x000000008af00000|100%| O|  |TAMS 0x000000008af00000, 0x000000008ae00000| Untracked 
| 175|0x000000008af00000, 0x000000008b000000, 0x000000008b000000|100%| O|  |TAMS 0x000000008b000000, 0x000000008af00000| Untracked 
| 176|0x000000008b000000, 0x000000008b100000, 0x000000008b100000|100%| O|  |TAMS 0x000000008b100000, 0x000000008b000000| Untracked 
| 177|0x000000008b100000, 0x000000008b200000, 0x000000008b200000|100%| O|  |TAMS 0x000000008b200000, 0x000000008b100000| Untracked 
| 178|0x000000008b200000, 0x000000008b300000, 0x000000008b300000|100%| O|  |TAMS 0x000000008b300000, 0x000000008b200000| Untracked 
| 179|0x000000008b300000, 0x000000008b400000, 0x000000008b400000|100%| O|  |TAMS 0x000000008b400000, 0x000000008b300000| Complete 
| 180|0x000000008b400000, 0x000000008b500000, 0x000000008b500000|100%| O|  |TAMS 0x000000008b500000, 0x000000008b400000| Untracked 
| 181|0x000000008b500000, 0x000000008b600000, 0x000000008b600000|100%| O|  |TAMS 0x000000008b500000, 0x000000008b500000| Untracked 
| 182|0x000000008b600000, 0x000000008b700000, 0x000000008b700000|100%| O|  |TAMS 0x000000008b600000, 0x000000008b600000| Untracked 
| 183|0x000000008b700000, 0x000000008b800000, 0x000000008b800000|100%| O|  |TAMS 0x000000008b700000, 0x000000008b700000| Untracked 
| 184|0x000000008b800000, 0x000000008b900000, 0x000000008b900000|100%| O|  |TAMS 0x000000008b800000, 0x000000008b800000| Untracked 
| 185|0x000000008b900000, 0x000000008ba00000, 0x000000008ba00000|100%| O|  |TAMS 0x000000008b900000, 0x000000008b900000| Untracked 
| 186|0x000000008ba00000, 0x000000008bb00000, 0x000000008bb00000|100%| O|  |TAMS 0x000000008ba00000, 0x000000008ba00000| Untracked 
| 187|0x000000008bb00000, 0x000000008bc00000, 0x000000008bc00000|100%| O|  |TAMS 0x000000008bb00000, 0x000000008bb00000| Untracked 
| 188|0x000000008bc00000, 0x000000008bd00000, 0x000000008bd00000|100%| O|  |TAMS 0x000000008bc00000, 0x000000008bc00000| Untracked 
| 189|0x000000008bd00000, 0x000000008be00000, 0x000000008be00000|100%| O|  |TAMS 0x000000008bd00000, 0x000000008bd00000| Untracked 
| 190|0x000000008be00000, 0x000000008bf00000, 0x000000008bf00000|100%| O|  |TAMS 0x000000008be00000, 0x000000008be00000| Untracked 
| 191|0x000000008bf00000, 0x000000008c000000, 0x000000008c000000|100%| O|  |TAMS 0x000000008bf00000, 0x000000008bf00000| Untracked 
| 192|0x000000008c000000, 0x000000008c0e1200, 0x000000008c100000| 87%| O|  |TAMS 0x000000008c000000, 0x000000008c000000| Untracked 
| 193|0x000000008c100000, 0x000000008c100000, 0x000000008c200000|  0%| F|  |TAMS 0x000000008c100000, 0x000000008c100000| Untracked 
| 194|0x000000008c200000, 0x000000008c200000, 0x000000008c300000|  0%| F|  |TAMS 0x000000008c200000, 0x000000008c200000| Untracked 
| 195|0x000000008c300000, 0x000000008c300000, 0x000000008c400000|  0%| F|  |TAMS 0x000000008c300000, 0x000000008c300000| Untracked 
| 196|0x000000008c400000, 0x000000008c400000, 0x000000008c500000|  0%| F|  |TAMS 0x000000008c400000, 0x000000008c400000| Untracked 
| 197|0x000000008c500000, 0x000000008c500000, 0x000000008c600000|  0%| F|  |TAMS 0x000000008c500000, 0x000000008c500000| Untracked 
| 198|0x000000008c600000, 0x000000008c600000, 0x000000008c700000|  0%| F|  |TAMS 0x000000008c600000, 0x000000008c600000| Untracked 
| 199|0x000000008c700000, 0x000000008c700000, 0x000000008c800000|  0%| F|  |TAMS 0x000000008c700000, 0x000000008c700000| Untracked 
| 200|0x000000008c800000, 0x000000008c800000, 0x000000008c900000|  0%| F|  |TAMS 0x000000008c800000, 0x000000008c800000| Untracked 
| 201|0x000000008c900000, 0x000000008c900000, 0x000000008ca00000|  0%| F|  |TAMS 0x000000008c900000, 0x000000008c900000| Untracked 
| 202|0x000000008ca00000, 0x000000008ca00000, 0x000000008cb00000|  0%| F|  |TAMS 0x000000008ca00000, 0x000000008ca00000| Untracked 
| 203|0x000000008cb00000, 0x000000008cb00000, 0x000000008cc00000|  0%| F|  |TAMS 0x000000008cb00000, 0x000000008cb00000| Untracked 
| 204|0x000000008cc00000, 0x000000008cc00000, 0x000000008cd00000|  0%| F|  |TAMS 0x000000008cc00000, 0x000000008cc00000| Untracked 
| 205|0x000000008cd00000, 0x000000008cd00000, 0x000000008ce00000|  0%| F|  |TAMS 0x000000008cd00000, 0x000000008cd00000| Untracked 
| 206|0x000000008ce00000, 0x000000008ce00000, 0x000000008cf00000|  0%| F|  |TAMS 0x000000008ce00000, 0x000000008ce00000| Untracked 
| 207|0x000000008cf00000, 0x000000008cf00000, 0x000000008d000000|  0%| F|  |TAMS 0x000000008cf00000, 0x000000008cf00000| Untracked 
| 208|0x000000008d000000, 0x000000008d000000, 0x000000008d100000|  0%| F|  |TAMS 0x000000008d000000, 0x000000008d000000| Untracked 
| 209|0x000000008d100000, 0x000000008d100000, 0x000000008d200000|  0%| F|  |TAMS 0x000000008d100000, 0x000000008d100000| Untracked 
| 210|0x000000008d200000, 0x000000008d200000, 0x000000008d300000|  0%| F|  |TAMS 0x000000008d200000, 0x000000008d200000| Untracked 
| 211|0x000000008d300000, 0x000000008d300000, 0x000000008d400000|  0%| F|  |TAMS 0x000000008d300000, 0x000000008d300000| Untracked 
| 212|0x000000008d400000, 0x000000008d400000, 0x000000008d500000|  0%| F|  |TAMS 0x000000008d400000, 0x000000008d400000| Untracked 
| 213|0x000000008d500000, 0x000000008d500000, 0x000000008d600000|  0%| F|  |TAMS 0x000000008d500000, 0x000000008d500000| Untracked 
| 214|0x000000008d600000, 0x000000008d600000, 0x000000008d700000|  0%| F|  |TAMS 0x000000008d600000, 0x000000008d600000| Untracked 
| 215|0x000000008d700000, 0x000000008d700000, 0x000000008d800000|  0%| F|  |TAMS 0x000000008d700000, 0x000000008d700000| Untracked 
| 216|0x000000008d800000, 0x000000008d800000, 0x000000008d900000|  0%| F|  |TAMS 0x000000008d800000, 0x000000008d800000| Untracked 
| 217|0x000000008d900000, 0x000000008d900000, 0x000000008da00000|  0%| F|  |TAMS 0x000000008d900000, 0x000000008d900000| Untracked 
| 218|0x000000008da00000, 0x000000008da00000, 0x000000008db00000|  0%| F|  |TAMS 0x000000008da00000, 0x000000008da00000| Untracked 
| 219|0x000000008db00000, 0x000000008db00000, 0x000000008dc00000|  0%| F|  |TAMS 0x000000008db00000, 0x000000008db00000| Untracked 
| 220|0x000000008dc00000, 0x000000008dc00000, 0x000000008dd00000|  0%| F|  |TAMS 0x000000008dc00000, 0x000000008dc00000| Untracked 
| 221|0x000000008dd00000, 0x000000008dd00000, 0x000000008de00000|  0%| F|  |TAMS 0x000000008dd00000, 0x000000008dd00000| Untracked 
| 222|0x000000008de00000, 0x000000008de00000, 0x000000008df00000|  0%| F|  |TAMS 0x000000008de00000, 0x000000008de00000| Untracked 
| 223|0x000000008df00000, 0x000000008df00000, 0x000000008e000000|  0%| F|  |TAMS 0x000000008df00000, 0x000000008df00000| Untracked 
| 224|0x000000008e000000, 0x000000008e000000, 0x000000008e100000|  0%| F|  |TAMS 0x000000008e000000, 0x000000008e000000| Untracked 
| 225|0x000000008e100000, 0x000000008e100000, 0x000000008e200000|  0%| F|  |TAMS 0x000000008e100000, 0x000000008e100000| Untracked 
| 226|0x000000008e200000, 0x000000008e200000, 0x000000008e300000|  0%| F|  |TAMS 0x000000008e200000, 0x000000008e200000| Untracked 
| 227|0x000000008e300000, 0x000000008e300000, 0x000000008e400000|  0%| F|  |TAMS 0x000000008e300000, 0x000000008e300000| Untracked 
| 228|0x000000008e400000, 0x000000008e400000, 0x000000008e500000|  0%| F|  |TAMS 0x000000008e400000, 0x000000008e400000| Untracked 
| 229|0x000000008e500000, 0x000000008e500000, 0x000000008e600000|  0%| F|  |TAMS 0x000000008e500000, 0x000000008e500000| Untracked 
| 230|0x000000008e600000, 0x000000008e600000, 0x000000008e700000|  0%| F|  |TAMS 0x000000008e600000, 0x000000008e600000| Untracked 
| 231|0x000000008e700000, 0x000000008e700000, 0x000000008e800000|  0%| F|  |TAMS 0x000000008e700000, 0x000000008e700000| Untracked 
| 232|0x000000008e800000, 0x000000008e800000, 0x000000008e900000|  0%| F|  |TAMS 0x000000008e800000, 0x000000008e800000| Untracked 
| 233|0x000000008e900000, 0x000000008e900000, 0x000000008ea00000|  0%| F|  |TAMS 0x000000008e900000, 0x000000008e900000| Untracked 
| 234|0x000000008ea00000, 0x000000008ea00000, 0x000000008eb00000|  0%| F|  |TAMS 0x000000008ea00000, 0x000000008ea00000| Untracked 
| 235|0x000000008eb00000, 0x000000008eb00000, 0x000000008ec00000|  0%| F|  |TAMS 0x000000008eb00000, 0x000000008eb00000| Untracked 
| 236|0x000000008ec00000, 0x000000008ec00000, 0x000000008ed00000|  0%| F|  |TAMS 0x000000008ec00000, 0x000000008ec00000| Untracked 
| 237|0x000000008ed00000, 0x000000008ed00000, 0x000000008ee00000|  0%| F|  |TAMS 0x000000008ed00000, 0x000000008ed00000| Untracked 
| 238|0x000000008ee00000, 0x000000008ee00000, 0x000000008ef00000|  0%| F|  |TAMS 0x000000008ee00000, 0x000000008ee00000| Untracked 
| 239|0x000000008ef00000, 0x000000008ef00000, 0x000000008f000000|  0%| F|  |TAMS 0x000000008ef00000, 0x000000008ef00000| Untracked 
| 240|0x000000008f000000, 0x000000008f000000, 0x000000008f100000|  0%| F|  |TAMS 0x000000008f000000, 0x000000008f000000| Untracked 
| 241|0x000000008f100000, 0x000000008f100000, 0x000000008f200000|  0%| F|  |TAMS 0x000000008f100000, 0x000000008f100000| Untracked 
| 242|0x000000008f200000, 0x000000008f200000, 0x000000008f300000|  0%| F|  |TAMS 0x000000008f200000, 0x000000008f200000| Untracked 
| 243|0x000000008f300000, 0x000000008f300000, 0x000000008f400000|  0%| F|  |TAMS 0x000000008f300000, 0x000000008f300000| Untracked 
| 244|0x000000008f400000, 0x000000008f400000, 0x000000008f500000|  0%| F|  |TAMS 0x000000008f400000, 0x000000008f400000| Untracked 
| 245|0x000000008f500000, 0x000000008f500000, 0x000000008f600000|  0%| F|  |TAMS 0x000000008f500000, 0x000000008f500000| Untracked 
| 246|0x000000008f600000, 0x000000008f600000, 0x000000008f700000|  0%| F|  |TAMS 0x000000008f600000, 0x000000008f600000| Untracked 
| 247|0x000000008f700000, 0x000000008f700000, 0x000000008f800000|  0%| F|  |TAMS 0x000000008f700000, 0x000000008f700000| Untracked 
| 248|0x000000008f800000, 0x000000008f800000, 0x000000008f900000|  0%| F|  |TAMS 0x000000008f800000, 0x000000008f800000| Untracked 
| 249|0x000000008f900000, 0x000000008f900000, 0x000000008fa00000|  0%| F|  |TAMS 0x000000008f900000, 0x000000008f900000| Untracked 
| 250|0x000000008fa00000, 0x000000008fa00000, 0x000000008fb00000|  0%| F|  |TAMS 0x000000008fa00000, 0x000000008fa00000| Untracked 
| 251|0x000000008fb00000, 0x000000008fb00000, 0x000000008fc00000|  0%| F|  |TAMS 0x000000008fb00000, 0x000000008fb00000| Untracked 
| 252|0x000000008fc00000, 0x000000008fc00000, 0x000000008fd00000|  0%| F|  |TAMS 0x000000008fc00000, 0x000000008fc00000| Untracked 
| 253|0x000000008fd00000, 0x000000008fd00000, 0x000000008fe00000|  0%| F|  |TAMS 0x000000008fd00000, 0x000000008fd00000| Untracked 
| 254|0x000000008fe00000, 0x000000008fe00000, 0x000000008ff00000|  0%| F|  |TAMS 0x000000008fe00000, 0x000000008fe00000| Untracked 
| 255|0x000000008ff00000, 0x000000008ff00000, 0x0000000090000000|  0%| F|  |TAMS 0x000000008ff00000, 0x000000008ff00000| Untracked 
| 256|0x0000000090000000, 0x000000009009d908, 0x0000000090100000| 61%| S|CS|TAMS 0x0000000090000000, 0x0000000090000000| Complete 
| 257|0x0000000090100000, 0x0000000090200000, 0x0000000090200000|100%| S|CS|TAMS 0x0000000090100000, 0x0000000090100000| Complete 
| 258|0x0000000090200000, 0x0000000090200000, 0x0000000090300000|  0%| F|  |TAMS 0x0000000090200000, 0x0000000090200000| Untracked 
| 259|0x0000000090300000, 0x0000000090300000, 0x0000000090400000|  0%| F|  |TAMS 0x0000000090300000, 0x0000000090300000| Untracked 
| 260|0x0000000090400000, 0x0000000090400000, 0x0000000090500000|  0%| F|  |TAMS 0x0000000090400000, 0x0000000090400000| Untracked 
| 261|0x0000000090500000, 0x0000000090500000, 0x0000000090600000|  0%| F|  |TAMS 0x0000000090500000, 0x0000000090500000| Untracked 
| 262|0x0000000090600000, 0x0000000090600000, 0x0000000090700000|  0%| F|  |TAMS 0x0000000090600000, 0x0000000090600000| Untracked 
| 263|0x0000000090700000, 0x0000000090700000, 0x0000000090800000|  0%| F|  |TAMS 0x0000000090700000, 0x0000000090700000| Untracked 
| 264|0x0000000090800000, 0x0000000090800000, 0x0000000090900000|  0%| F|  |TAMS 0x0000000090800000, 0x0000000090800000| Untracked 
| 265|0x0000000090900000, 0x0000000090900000, 0x0000000090a00000|  0%| F|  |TAMS 0x0000000090900000, 0x0000000090900000| Untracked 
| 266|0x0000000090a00000, 0x0000000090a00000, 0x0000000090b00000|  0%| F|  |TAMS 0x0000000090a00000, 0x0000000090a00000| Untracked 

Card table byte_map: [0x000001ebf5290000,0x000001ebf5690000] _byte_map_base: 0x000001ebf4e90000

Marking Bits (Prev, Next): (CMBitMap*) 0x000001ebe05cd4c8, (CMBitMap*) 0x000001ebe05cd500
 Prev Bits: [0x000001ebf5a90000, 0x000001ebf7a90000)
 Next Bits: [0x000001ebf7a90000, 0x000001ebf9a90000)

Polling page: 0x000001ebe03f0000

Metaspace:

Usage:
  Non-class:    109.41 MB capacity,   107.55 MB ( 98%) used,     1.51 MB (  1%) free+waste,   362.19 KB ( <1%) overhead. 
      Class:     16.63 MB capacity,    15.49 MB ( 93%) used,  1004.23 KB (  6%) free+waste,   160.50 KB ( <1%) overhead. 
       Both:    126.04 MB capacity,   123.04 MB ( 98%) used,     2.49 MB (  2%) free+waste,   522.69 KB ( <1%) overhead. 

Virtual space:
  Non-class space:      110.00 MB reserved,     109.50 MB (>99%) committed 
      Class space:        1.00 GB reserved,      16.66 MB (  2%) committed 
             Both:        1.11 GB reserved,     126.16 MB ( 11%) committed 

Chunk freelists:
   Non-Class:  28.00 KB
       Class:  25.00 KB
        Both:  53.00 KB

MaxMetaspaceSize: 17179869184.00 GB
CompressedClassSpaceSize: 1.00 GB

CodeHeap 'non-profiled nmethods': size=120064Kb used=12143Kb max_used=12143Kb free=107920Kb
 bounds [0x000001ebed330000, 0x000001ebedf10000, 0x000001ebf4870000]
CodeHeap 'profiled nmethods': size=120000Kb used=41952Kb max_used=41952Kb free=78048Kb
 bounds [0x000001ebe5e00000, 0x000001ebe8710000, 0x000001ebed330000]
CodeHeap 'non-nmethods': size=5696Kb used=2364Kb max_used=2417Kb free=3331Kb
 bounds [0x000001ebe5870000, 0x000001ebe5ae0000, 0x000001ebe5e00000]
 total_blobs=19599 nmethods=18612 adapters=895
 compilation: enabled
              stopped_count=0, restarted_count=0
 full_count=0

Compilation events (20 events):
Event: 8148.415 Thread 0x000001ebfedb0800 19630       4       com.android.tools.r8.graph.j0$f::b (9 bytes)
Event: 8148.415 Thread 0x000001ebfedb0800 nmethod 19630 0x000001ebedf09690 code [0x000001ebedf09820, 0x000001ebedf09898]
Event: 8148.415 Thread 0x000001ebfedb0800 19627       4       com.android.tools.r8.graph.M::<init> (19 bytes)
Event: 8148.418 Thread 0x000001ebfedb0800 nmethod 19627 0x000001ebedf09990 code [0x000001ebedf09b20, 0x000001ebedf09d18]
Event: 8148.418 Thread 0x000001ebfedb0800 19624       4       com.android.tools.r8.graph.f0$u::<init> (7 bytes)
Event: 8148.420 Thread 0x000001ebfedb0800 nmethod 19624 0x000001ebedf09d90 code [0x000001ebedf09f20, 0x000001ebedf0a058]
Event: 8148.420 Thread 0x000001ebfedb0800 19626       4       com.android.tools.r8.graph.f0$d::<init> (10 bytes)
Event: 8148.420 Thread 0x000001ebfc0ab000 nmethod 19623 0x000001ebedf0a110 code [0x000001ebedf0a300, 0x000001ebedf0a8d8]
Event: 8148.420 Thread 0x000001ebfc0ab000 19632       4       com.android.tools.r8.internal.Ij::next (32 bytes)
Event: 8148.421 Thread 0x000001ebfedb0800 nmethod 19626 0x000001ebedf0ac90 code [0x000001ebedf0ae20, 0x000001ebedf0af58]
Event: 8148.421 Thread 0x000001ebfedb0800 19633       4       com.android.tools.r8.dex.b::a (68 bytes)
Event: 8148.422 Thread 0x000001ebfedb0800 nmethod 19633 0x000001ebedf0b010 code [0x000001ebedf0b1a0, 0x000001ebedf0b258]
Event: 8148.423 Thread 0x000001ebfedb0800 19634       4       com.android.tools.r8.dex.b$$Lambda$1666/0x000000010109e840::accept (12 bytes)
Event: 8148.424 Thread 0x000001ebfedb0800 nmethod 19634 0x000001ebedf0b390 code [0x000001ebedf0b540, 0x000001ebedf0b618]
Event: 8148.424 Thread 0x000001ebfedb0800 19635       4       java.lang.Iterable::forEach (39 bytes)
Event: 8148.426 Thread 0x000001ebfedb0800 nmethod 19635 0x000001ebedf0b790 code [0x000001ebedf0b940, 0x000001ebedf0ba58]
Event: 8148.426 Thread 0x000001ebfedb0800 19636       4       com.android.tools.r8.graph.u::<init> (15 bytes)
Event: 8148.426 Thread 0x000001ebfc0ac000 19637       3       com.android.tools.r8.internal.sj::iterator (35 bytes)
Event: 8148.427 Thread 0x000001ebfc0ac000 nmethod 19637 0x000001ebe8703590 code [0x000001ebe8703780, 0x000001ebe8703ca8]
Event: 8148.428 Thread 0x000001ebfedb0800 nmethod 19636 0x000001ebedf0bc10 code [0x000001ebedf0bda0, 0x000001ebedf0bed8]

GC Heap History (20 events):
Event: 8141.201 GC heap after
{Heap after GC invocations=44 (full 0):
 garbage-first heap   total 227328K, used 129952K [0x0000000080000000, 0x0000000100000000)
  region size 1024K, 4 young (4096K), 4 survivors (4096K)
 Metaspace       used 119186K, capacity 121888K, committed 122148K, reserved 1155072K
  class space    used 14775K, capacity 15802K, committed 15908K, reserved 1048576K
}
Event: 8141.392 GC heap before
{Heap before GC invocations=44 (full 0):
 garbage-first heap   total 227328K, used 136096K [0x0000000080000000, 0x0000000100000000)
  region size 1024K, 11 young (11264K), 4 survivors (4096K)
 Metaspace       used 119273K, capacity 122025K, committed 122404K, reserved 1155072K
  class space    used 14782K, capacity 15803K, committed 15908K, reserved 1048576K
}
Event: 8141.423 GC heap after
{Heap after GC invocations=45 (full 0):
 garbage-first heap   total 227328K, used 116043K [0x0000000080000000, 0x0000000100000000)
  region size 1024K, 1 young (1024K), 1 survivors (1024K)
 Metaspace       used 119273K, capacity 122025K, committed 122404K, reserved 1155072K
  class space    used 14782K, capacity 15803K, committed 15908K, reserved 1048576K
}
Event: 8141.706 GC heap before
{Heap before GC invocations=45 (full 0):
 garbage-first heap   total 227328K, used 125259K [0x0000000080000000, 0x0000000100000000)
  region size 1024K, 11 young (11264K), 1 survivors (1024K)
 Metaspace       used 119400K, capacity 122153K, committed 122532K, reserved 1155072K
  class space    used 14803K, capacity 15845K, committed 16036K, reserved 1048576K
}
Event: 8141.730 GC heap after
{Heap after GC invocations=46 (full 0):
 garbage-first heap   total 227328K, used 115525K [0x0000000080000000, 0x0000000100000000)
  region size 1024K, 1 young (1024K), 1 survivors (1024K)
 Metaspace       used 119400K, capacity 122153K, committed 122532K, reserved 1155072K
  class space    used 14803K, capacity 15845K, committed 16036K, reserved 1048576K
}
Event: 8142.321 GC heap before
{Heap before GC invocations=46 (full 0):
 garbage-first heap   total 227328K, used 125765K [0x0000000080000000, 0x0000000100000000)
  region size 1024K, 13 young (13312K), 1 survivors (1024K)
 Metaspace       used 119649K, capacity 122412K, committed 122788K, reserved 1157120K
  class space    used 14829K, capacity 15884K, committed 16036K, reserved 1048576K
}
Event: 8142.332 GC heap after
{Heap after GC invocations=47 (full 0):
 garbage-first heap   total 227328K, used 116175K [0x0000000080000000, 0x0000000100000000)
  region size 1024K, 2 young (2048K), 2 survivors (2048K)
 Metaspace       used 119649K, capacity 122412K, committed 122788K, reserved 1157120K
  class space    used 14829K, capacity 15884K, committed 16036K, reserved 1048576K
}
Event: 8143.937 GC heap before
{Heap before GC invocations=48 (full 0):
 garbage-first heap   total 227328K, used 187855K [0x0000000080000000, 0x0000000100000000)
  region size 1024K, 49 young (50176K), 2 survivors (2048K)
 Metaspace       used 120871K, capacity 123711K, committed 123940K, reserved 1157120K
  class space    used 14997K, capacity 16068K, committed 16164K, reserved 1048576K
}
Event: 8143.956 GC heap after
{Heap after GC invocations=49 (full 0):
 garbage-first heap   total 227328K, used 144268K [0x0000000080000000, 0x0000000100000000)
  region size 1024K, 7 young (7168K), 7 survivors (7168K)
 Metaspace       used 120871K, capacity 123711K, committed 123940K, reserved 1157120K
  class space    used 14997K, capacity 16068K, committed 16164K, reserved 1048576K
}
Event: 8144.002 GC heap before
{Heap before GC invocations=49 (full 0):
 garbage-first heap   total 227328K, used 147340K [0x0000000080000000, 0x0000000100000000)
  region size 1024K, 11 young (11264K), 7 survivors (7168K)
 Metaspace       used 120908K, capacity 123723K, committed 123940K, reserved 1157120K
  class space    used 15001K, capacity 16070K, committed 16164K, reserved 1048576K
}
Event: 8144.022 GC heap after
{Heap after GC invocations=50 (full 0):
 garbage-first heap   total 227328K, used 143641K [0x0000000080000000, 0x0000000100000000)
  region size 1024K, 2 young (2048K), 2 survivors (2048K)
 Metaspace       used 120908K, capacity 123723K, committed 123940K, reserved 1157120K
  class space    used 15001K, capacity 16070K, committed 16164K, reserved 1048576K
}
Event: 8144.449 GC heap before
{Heap before GC invocations=50 (full 0):
 garbage-first heap   total 227328K, used 162073K [0x0000000080000000, 0x0000000100000000)
  region size 1024K, 21 young (21504K), 2 survivors (2048K)
 Metaspace       used 121456K, capacity 124253K, committed 124452K, reserved 1157120K
  class space    used 15062K, capacity 16111K, committed 16164K, reserved 1048576K
}
Event: 8144.497 GC heap after
{Heap after GC invocations=51 (full 0):
 garbage-first heap   total 273408K, used 150103K [0x0000000080000000, 0x0000000100000000)
  region size 1024K, 5 young (5120K), 5 survivors (5120K)
 Metaspace       used 121456K, capacity 124253K, committed 124452K, reserved 1157120K
  class space    used 15062K, capacity 16111K, committed 16164K, reserved 1048576K
}
Event: 8145.688 GC heap before
{Heap before GC invocations=52 (full 0):
 garbage-first heap   total 273408K, used 201303K [0x0000000080000000, 0x0000000100000000)
  region size 1024K, 55 young (56320K), 5 survivors (5120K)
 Metaspace       used 123955K, capacity 126815K, committed 127012K, reserved 1159168K
  class space    used 15570K, capacity 16650K, committed 16676K, reserved 1048576K
}
Event: 8145.744 GC heap after
{Heap after GC invocations=53 (full 0):
 garbage-first heap   total 273408K, used 172008K [0x0000000080000000, 0x0000000100000000)
  region size 1024K, 7 young (7168K), 7 survivors (7168K)
 Metaspace       used 123955K, capacity 126815K, committed 127012K, reserved 1159168K
  class space    used 15570K, capacity 16650K, committed 16676K, reserved 1048576K
}
Event: 8146.136 GC heap before
{Heap before GC invocations=53 (full 0):
 garbage-first heap   total 273408K, used 208872K [0x0000000080000000, 0x0000000100000000)
  region size 1024K, 44 young (45056K), 7 survivors (7168K)
 Metaspace       used 124023K, capacity 126879K, committed 127012K, reserved 1159168K
  class space    used 15573K, capacity 16650K, committed 16676K, reserved 1048576K
}
Event: 8146.205 GC heap after
{Heap after GC invocations=54 (full 0):
 garbage-first heap   total 273408K, used 191488K [0x0000000080000000, 0x0000000100000000)
  region size 1024K, 6 young (6144K), 6 survivors (6144K)
 Metaspace       used 124023K, capacity 126879K, committed 127012K, reserved 1159168K
  class space    used 15573K, capacity 16650K, committed 16676K, reserved 1048576K
}
Event: 8147.571 GC heap before
{Heap before GC invocations=55 (full 0):
 garbage-first heap   total 273408K, used 217088K [0x0000000080000000, 0x0000000100000000)
  region size 1024K, 32 young (32768K), 6 survivors (6144K)
 Metaspace       used 125839K, capacity 128916K, committed 129188K, reserved 1161216K
  class space    used 15842K, capacity 16982K, committed 17060K, reserved 1048576K
}
Event: 8147.601 GC heap after
{Heap after GC invocations=56 (full 0):
 garbage-first heap   total 273408K, used 197084K [0x0000000080000000, 0x0000000100000000)
  region size 1024K, 4 young (4096K), 4 survivors (4096K)
 Metaspace       used 125839K, capacity 128916K, committed 129188K, reserved 1161216K
  class space    used 15842K, capacity 16982K, committed 17060K, reserved 1048576K
}
Event: 8148.429 GC heap before
{Heap before GC invocations=56 (full 0):
 garbage-first heap   total 273408K, used 206300K [0x0000000080000000, 0x0000000100000000)
  region size 1024K, 13 young (13312K), 4 survivors (4096K)
 Metaspace       used 125995K, capacity 129067K, committed 129188K, reserved 1161216K
  class space    used 15866K, capacity 17031K, committed 17060K, reserved 1048576K
}

Deoptimization events (20 events):
Event: 8147.411 Thread 0x000001ebff431800 DEOPT PACKING pc=0x000001ebede9dd60 sp=0x00000007a65fcec0
Event: 8147.411 Thread 0x000001ebff431800 DEOPT UNPACKING pc=0x000001ebe58978af sp=0x00000007a65fce50 mode 2
Event: 8147.455 Thread 0x000001ebff431800 Uncommon trap: trap_request=0xffffff4d fr.pc=0x000001ebede68c88 relative=0x0000000000000068
Event: 8147.455 Thread 0x000001ebff431800 Uncommon trap: reason=unstable_if action=reinterpret pc=0x000001ebede68c88 method=com.android.tools.r8.internal.AA.a(Ljava/lang/Object;[Lcom/android/tools/r8/internal/yf;I)Ljava/lang/Object; @ 5 c2
Event: 8147.455 Thread 0x000001ebff431800 DEOPT PACKING pc=0x000001ebede68c88 sp=0x00000007a65fd4d0
Event: 8147.455 Thread 0x000001ebff431800 DEOPT UNPACKING pc=0x000001ebe58978af sp=0x00000007a65fd400 mode 2
Event: 8147.456 Thread 0x000001ebff431800 Uncommon trap: trap_request=0xffffff4d fr.pc=0x000001ebede781e0 relative=0x0000000000000040
Event: 8147.456 Thread 0x000001ebff431800 Uncommon trap: reason=unstable_if action=reinterpret pc=0x000001ebede781e0 method=com.android.tools.r8.internal.AA.a(Ljava/lang/Object;[Lcom/android/tools/r8/internal/yf;I)Ljava/lang/Object; @ 5 c2
Event: 8147.456 Thread 0x000001ebff431800 DEOPT PACKING pc=0x000001ebede781e0 sp=0x00000007a65fd450
Event: 8147.456 Thread 0x000001ebff431800 DEOPT UNPACKING pc=0x000001ebe58978af sp=0x00000007a65fd400 mode 2
Event: 8147.500 Thread 0x000001ebff431800 DEOPT PACKING pc=0x000001ebe85e2713 sp=0x00000007a65fd140
Event: 8147.500 Thread 0x000001ebff431800 DEOPT UNPACKING pc=0x000001ebe58976ce sp=0x00000007a65fc6c0 mode 0
Event: 8147.513 Thread 0x000001ebff431800 DEOPT PACKING pc=0x000001ebe85e2713 sp=0x00000007a65fd090
Event: 8147.513 Thread 0x000001ebff431800 DEOPT UNPACKING pc=0x000001ebe58976ce sp=0x00000007a65fc610 mode 0
Event: 8147.519 Thread 0x000001ebff431800 DEOPT PACKING pc=0x000001ebe85e2713 sp=0x00000007a65fd090
Event: 8147.519 Thread 0x000001ebff431800 DEOPT UNPACKING pc=0x000001ebe58976ce sp=0x00000007a65fc610 mode 0
Event: 8147.526 Thread 0x000001ebff431800 DEOPT PACKING pc=0x000001ebe85e2713 sp=0x00000007a65fd090
Event: 8147.526 Thread 0x000001ebff431800 DEOPT UNPACKING pc=0x000001ebe58976ce sp=0x00000007a65fc610 mode 0
Event: 8147.618 Thread 0x000001ebff431800 DEOPT PACKING pc=0x000001ebe86e1697 sp=0x00000007a65fd3c0
Event: 8147.618 Thread 0x000001ebff431800 DEOPT UNPACKING pc=0x000001ebe58976ce sp=0x00000007a65fc8a8 mode 0

Classes redefined (0 events):
No events

Internal exceptions (20 events):
Event: 8144.716 Thread 0x000001ebff434000 Exception <a 'java/lang/NoSuchMethodError'{0x00000000903f4b18}: 'java.lang.Object java.lang.invoke.DirectMethodHandle$Holder.invokeStaticInit(java.lang.Object, java.lang.Object, long, java.lang.Object)'> (0x00000000903f4b18) thrown at [./src/hotspot/share/interpreter/linkResolver.cpp, line 773]
Event: 8144.716 Thread 0x000001ebff434000 Exception <a 'java/lang/NoSuchMethodError'{0x00000000903facb0}: 'java.lang.Object java.lang.invoke.DirectMethodHandle$Holder.invokeStatic(java.lang.Object, java.lang.Object, long)'> (0x00000000903facb0) thrown at [./src/hotspot/share/interpreter/linkResolver.cpp, line 773]
Event: 8144.717 Thread 0x000001ebff434000 Exception <a 'java/lang/NoSuchMethodError'{0x0000000090212810}: 'java.lang.Object java.lang.invoke.Invokers$Holder.linkToTargetMethod(java.lang.Object, long, java.lang.Object)'> (0x0000000090212810) thrown at [./src/hotspot/share/interpreter/linkResolver.cpp, line 773]
Event: 8144.837 Thread 0x000001ebff430800 Exception <a 'java/lang/NoSuchMethodError'{0x000000009015f938}: 'java.lang.Object java.lang.invoke.DirectMethodHandle$Holder.newInvokeSpecial(java.lang.Object, int)'> (0x000000009015f938) thrown at [./src/hotspot/share/interpreter/linkResolver.cpp, line 773]
Event: 8144.841 Thread 0x000001ebff427000 Exception <a 'sun/nio/fs/WindowsException'{0x00000000902f72b0}> (0x00000000902f72b0) thrown at [./src/hotspot/share/prims/jni.cpp, line 615]
Event: 8144.841 Thread 0x000001ebff427000 Exception <a 'sun/nio/fs/WindowsException'{0x00000000902f8158}> (0x00000000902f8158) thrown at [./src/hotspot/share/prims/jni.cpp, line 615]
Event: 8144.841 Thread 0x000001ebff427000 Exception <a 'sun/nio/fs/WindowsException'{0x00000000902f8458}> (0x00000000902f8458) thrown at [./src/hotspot/share/prims/jni.cpp, line 615]
Event: 8145.064 Thread 0x000001ebff427000 Exception <a 'sun/nio/fs/WindowsException'{0x000000008fe13438}> (0x000000008fe13438) thrown at [./src/hotspot/share/prims/jni.cpp, line 615]
Event: 8145.065 Thread 0x000001ebff427000 Exception <a 'sun/nio/fs/WindowsException'{0x000000008fe14300}> (0x000000008fe14300) thrown at [./src/hotspot/share/prims/jni.cpp, line 615]
Event: 8145.099 Thread 0x000001ebff433000 Exception <a 'java/lang/IncompatibleClassChangeError'{0x000000008fd3a018}: Found class java.lang.Object, but interface was expected> (0x000000008fd3a018) thrown at [./src/hotspot/share/interpreter/linkResolver.cpp, line 839]
Event: 8145.099 Thread 0x000001ebff430800 Exception <a 'java/lang/IncompatibleClassChangeError'{0x000000009018e4e8}: Found class java.lang.Object, but interface was expected> (0x000000009018e4e8) thrown at [./src/hotspot/share/interpreter/linkResolver.cpp, line 839]
Event: 8145.121 Thread 0x000001ebff430800 Exception <a 'java/lang/IncompatibleClassChangeError'{0x000000008fda9548}: Found class java.lang.Object, but interface was expected> (0x000000008fda9548) thrown at [./src/hotspot/share/interpreter/linkResolver.cpp, line 839]
Event: 8145.122 Thread 0x000001ebff430800 Exception <a 'java/lang/IncompatibleClassChangeError'{0x000000008fdb54c0}: Found class java.lang.Object, but interface was expected> (0x000000008fdb54c0) thrown at [./src/hotspot/share/interpreter/linkResolver.cpp, line 839]
Event: 8146.451 Thread 0x000001ebff431800 Exception <a 'java/lang/NoSuchMethodError'{0x00000000908028c8}: 'void java.lang.invoke.DirectMethodHandle$Holder.invokeStatic(java.lang.Object, java.lang.Object, java.lang.Object, int)'> (0x00000000908028c8) thrown at [./src/hotspot/share/interpreter/linkResolver.cpp, line 773]
Event: 8146.455 Thread 0x000001ebff431800 Exception <a 'java/lang/IncompatibleClassChangeError'{0x000000009080a708}: Found class java.lang.Object, but interface was expected> (0x000000009080a708) thrown at [./src/hotspot/share/interpreter/linkResolver.cpp, line 839]
Event: 8147.307 Thread 0x000001ebff431800 Exception <a 'java/lang/NoSuchMethodError'{0x000000008f77d4e0}: 'java.lang.Object java.lang.invoke.Invokers$Holder.linkToTargetMethod(java.lang.Object, int, java.lang.Object, java.lang.Object, java.lang.Object, java.lang.Object)'> (0x000000008f77d4e0) thrown at [./src/hotspot/share/interpreter/linkResolver.cpp, line 773]
Event: 8147.308 Thread 0x000001ebff431800 Exception <a 'java/lang/NoSuchMethodError'{0x000000008f781388}: 'void java.lang.invoke.DirectMethodHandle$Holder.invokeSpecial(java.lang.Object, java.lang.Object, java.lang.Object, java.lang.Object, java.lang.Object, java.lang.Object, java.lang.Object, java.lang.Object, java.lang.Object)'> (0x000000008f781388) thrown at [./src/hotspot/share/interpreter/linkResolver.cpp, line 773]
Event: 8147.322 Thread 0x000001ebff431800 Exception <a 'java/lang/IncompatibleClassChangeError'{0x000000008f7acde8}: Found class java.lang.Object, but interface was expected> (0x000000008f7acde8) thrown at [./src/hotspot/share/interpreter/linkResolver.cpp, line 839]
Event: 8147.452 Thread 0x000001ebff431800 Exception <a 'java/lang/NoSuchMethodError'{0x000000008f6c79c8}: 'int java.lang.invoke.DirectMethodHandle$Holder.invokeSpecial(java.lang.Object, java.lang.Object, java.lang.Object, java.lang.Object, java.lang.Object, java.lang.Object)'> (0x000000008f6c79c8) thrown at [./src/hotspot/share/interpreter/linkResolver.cpp, line 773]
Event: 8147.458 Thread 0x000001ebff431800 Exception <a 'java/lang/NoSuchMethodError'{0x000000008f6f0430}: 'void java.lang.invoke.DirectMethodHandle$Holder.invokeStatic(java.lang.Object, java.lang.Object, java.lang.Object, java.lang.Object, java.lang.Object, java.lang.Object, java.lang.Object, java.lang.Object)'> (0x000000008f6f0430) thrown at [./src/hotspot/share/interpreter/linkResolver.cpp, line 773]

Events (20 events):
Event: 8148.084 loading class com/android/tools/r8/internal/Vj done
Event: 8148.085 loading class com/android/tools/r8/internal/ck
Event: 8148.085 loading class com/android/tools/r8/internal/ck done
Event: 8148.158 loading class com/android/tools/r8/graph/O
Event: 8148.158 loading class com/android/tools/r8/graph/O done
Event: 8148.163 loading class com/android/tools/r8/graph/O
Event: 8148.163 loading class com/android/tools/r8/graph/O done
Event: 8148.163 loading class com/android/tools/r8/dex/b
Event: 8148.163 loading class com/android/tools/r8/dex/b done
Event: 8148.235 loading class com/android/tools/r8/graph/P
Event: 8148.235 loading class com/android/tools/r8/graph/P done
Event: 8148.240 loading class com/android/tools/r8/graph/P
Event: 8148.240 loading class com/android/tools/r8/graph/P done
Event: 8148.240 loading class com/android/tools/r8/dex/b
Event: 8148.240 loading class com/android/tools/r8/dex/b done
Event: 8148.312 Thread 0x000001ebfedb0800 Thread exited: 0x000001ebfedb0800
Event: 8148.313 loading class com/android/tools/r8/graph/f0$a
Event: 8148.313 loading class com/android/tools/r8/graph/f0$a done
Event: 8148.414 Thread 0x000001ebfedb0800 Thread added: 0x000001ebfedb0800
Event: 8148.429 Executing VM operation: G1CollectForAllocation


Dynamic libraries:
0x00007ff6509f0000 - 0x00007ff6509fa000 	C:\Program Files\Android\Android Studio\jre\bin\java.exe
0x00007ffd00270000 - 0x00007ffd00465000 	C:\Windows\SYSTEM32\ntdll.dll
0x00007ffcfe490000 - 0x00007ffcfe54e000 	C:\Windows\System32\KERNEL32.DLL
0x00007ffcfdc80000 - 0x00007ffcfdf48000 	C:\Windows\System32\KERNELBASE.dll
0x00007ffcfda20000 - 0x00007ffcfdb20000 	C:\Windows\System32\ucrtbase.dll
0x00007ffcdb4e0000 - 0x00007ffcdb4f7000 	C:\Program Files\Android\Android Studio\jre\bin\VCRUNTIME140.dll
0x00007ffcdada0000 - 0x00007ffcdadb9000 	C:\Program Files\Android\Android Studio\jre\bin\jli.dll
0x00007ffcffec0000 - 0x00007ffd00061000 	C:\Windows\System32\USER32.dll
0x00007ffceb400000 - 0x00007ffceb69a000 	C:\Windows\WinSxS\amd64_microsoft.windows.common-controls_6595b64144ccf1df_6.0.19041.1110_none_60b5254171f9507e\COMCTL32.dll
0x00007ffcfd9f0000 - 0x00007ffcfda12000 	C:\Windows\System32\win32u.dll
0x00007ffcfe320000 - 0x00007ffcfe3be000 	C:\Windows\System32\msvcrt.dll
0x00007ffcff8c0000 - 0x00007ffcff8eb000 	C:\Windows\System32\GDI32.dll
0x00007ffcfe1b0000 - 0x00007ffcfe2bb000 	C:\Windows\System32\gdi32full.dll
0x00007ffcfdb50000 - 0x00007ffcfdbed000 	C:\Windows\System32\msvcp_win.dll
0x00007ffd00200000 - 0x00007ffd00230000 	C:\Windows\System32\IMM32.DLL
0x00007ffccba90000 - 0x00007ffccbb2d000 	C:\Program Files\Android\Android Studio\jre\bin\msvcp140.dll
0x00007ffcacb70000 - 0x00007ffcad63f000 	C:\Program Files\Android\Android Studio\jre\bin\server\jvm.dll
0x00007ffcff8f0000 - 0x00007ffcff99c000 	C:\Windows\System32\ADVAPI32.dll
0x00007ffcffd90000 - 0x00007ffcffe2b000 	C:\Windows\System32\sechost.dll
0x00007ffcff2f0000 - 0x00007ffcff41a000 	C:\Windows\System32\RPCRT4.dll
0x00007ffcff9a0000 - 0x00007ffcff9a8000 	C:\Windows\System32\PSAPI.DLL
0x00007ffcf1df0000 - 0x00007ffcf1df9000 	C:\Windows\SYSTEM32\WSOCK32.dll
0x00007ffce6e40000 - 0x00007ffce6e67000 	C:\Windows\SYSTEM32\WINMM.dll
0x00007ffcfe550000 - 0x00007ffcfe5bb000 	C:\Windows\System32\WS2_32.dll
0x00007ffcf7f50000 - 0x00007ffcf7f5a000 	C:\Windows\SYSTEM32\VERSION.dll
0x00007ffcfc260000 - 0x00007ffcfc272000 	C:\Windows\SYSTEM32\kernel.appcore.dll
0x00007ffcf6850000 - 0x00007ffcf6861000 	C:\Program Files\Android\Android Studio\jre\bin\verify.dll
0x00007ffcfb780000 - 0x00007ffcfb964000 	C:\Windows\SYSTEM32\DBGHELP.DLL
0x00007ffcf5fb0000 - 0x00007ffcf5fdc000 	C:\Windows\SYSTEM32\dbgcore.DLL
0x00007ffcfdbf0000 - 0x00007ffcfdc73000 	C:\Windows\System32\bcryptPrimitives.dll
0x00007ffcccc50000 - 0x00007ffcccc79000 	C:\Program Files\Android\Android Studio\jre\bin\java.dll
0x00007ffcf7950000 - 0x00007ffcf795b000 	C:\Program Files\Android\Android Studio\jre\bin\jimage.dll
0x00007ffce9d50000 - 0x00007ffce9d68000 	C:\Program Files\Android\Android Studio\jre\bin\zip.dll
0x00007ffcfebb0000 - 0x00007ffcff2ef000 	C:\Windows\System32\SHELL32.dll
0x00007ffcfb970000 - 0x00007ffcfc100000 	C:\Windows\SYSTEM32\windows.storage.dll
0x00007ffcfe5c0000 - 0x00007ffcfe915000 	C:\Windows\System32\combase.dll
0x00007ffcfd310000 - 0x00007ffcfd33e000 	C:\Windows\SYSTEM32\Wldp.dll
0x00007ffcfe920000 - 0x00007ffcfe9cd000 	C:\Windows\System32\SHCORE.dll
0x00007ffcfea30000 - 0x00007ffcfea85000 	C:\Windows\System32\shlwapi.dll
0x00007ffcfd8d0000 - 0x00007ffcfd8ef000 	C:\Windows\SYSTEM32\profapi.dll
0x00007ffce9bd0000 - 0x00007ffce9bea000 	C:\Program Files\Android\Android Studio\jre\bin\net.dll
0x00007ffcf3950000 - 0x00007ffcf3a5c000 	C:\Windows\SYSTEM32\WINHTTP.dll
0x00007ffcfd070000 - 0x00007ffcfd0da000 	C:\Windows\system32\mswsock.dll
0x00007ffcde9e0000 - 0x00007ffcde9f4000 	C:\Program Files\Android\Android Studio\jre\bin\nio.dll
0x00007ffccd4b0000 - 0x00007ffccd4d7000 	C:\Users\usuario\.gradle\native\8bec1ad78214c89d9ad589b4d07fe93259594b29d510b10fafb7a158f7737e5d\windows-amd64\native-platform.dll
0x00007ffccb6a0000 - 0x00007ffccb7dd000 	C:\Users\usuario\.gradle\native\53dbd7edfb1c66fb8903c78663c9afc45aea4f116125fa6feffd364cf09443e8\windows-amd64\native-platform-file-events.dll
0x00007ffcf69d0000 - 0x00007ffcf69da000 	C:\Program Files\Android\Android Studio\jre\bin\management.dll
0x00007ffcf12c0000 - 0x00007ffcf12cc000 	C:\Program Files\Android\Android Studio\jre\bin\management_ext.dll
0x00007ffcfd260000 - 0x00007ffcfd278000 	C:\Windows\SYSTEM32\CRYPTSP.dll
0x00007ffcfc9f0000 - 0x00007ffcfca24000 	C:\Windows\system32\rsaenh.dll
0x00007ffcfdb20000 - 0x00007ffcfdb47000 	C:\Windows\System32\bcrypt.dll
0x00007ffcfd850000 - 0x00007ffcfd87e000 	C:\Windows\SYSTEM32\USERENV.dll
0x00007ffcfd280000 - 0x00007ffcfd28c000 	C:\Windows\SYSTEM32\CRYPTBASE.dll
0x00007ffcfcd60000 - 0x00007ffcfcd9b000 	C:\Windows\SYSTEM32\IPHLPAPI.DLL
0x00007ffcffe30000 - 0x00007ffcffe38000 	C:\Windows\System32\NSI.dll
0x00007ffcf4c00000 - 0x00007ffcf4c17000 	C:\Windows\SYSTEM32\dhcpcsvc6.DLL
0x00007ffcf5660000 - 0x00007ffcf567d000 	C:\Windows\SYSTEM32\dhcpcsvc.DLL
0x00007ffcfcda0000 - 0x00007ffcfce6b000 	C:\Windows\SYSTEM32\DNSAPI.dll

dbghelp: loaded successfully - version: 4.0.5 - missing functions: none
symbol engine: initialized successfully - sym options: 0x614 - pdb path: .;C:\Program Files\Android\Android Studio\jre\bin;C:\Windows\SYSTEM32;C:\Windows\WinSxS\amd64_microsoft.windows.common-controls_6595b64144ccf1df_6.0.19041.1110_none_60b5254171f9507e;C:\Program Files\Android\Android Studio\jre\bin\server;C:\Users\usuario\.gradle\native\8bec1ad78214c89d9ad589b4d07fe93259594b29d510b10fafb7a158f7737e5d\windows-amd64;C:\Users\usuario\.gradle\native\53dbd7edfb1c66fb8903c78663c9afc45aea4f116125fa6feffd364cf09443e8\windows-amd64

VM Arguments:
jvm_args: --add-opens=java.base/java.util=ALL-UNNAMED --add-opens=java.base/java.lang=ALL-UNNAMED --add-opens=java.base/java.lang.invoke=ALL-UNNAMED --add-opens=java.base/java.util=ALL-UNNAMED --add-opens=java.prefs/java.util.prefs=ALL-UNNAMED --add-opens=java.prefs/java.util.prefs=ALL-UNNAMED --add-opens=java.base/java.nio.charset=ALL-UNNAMED --add-opens=java.base/java.net=ALL-UNNAMED --add-opens=java.base/java.util.concurrent.atomic=ALL-UNNAMED -Xmx2048m -Dfile.encoding=UTF-8 -Duser.country=BR -Duser.language=pt -Duser.variant 
java_command: org.gradle.launcher.daemon.bootstrap.GradleDaemon 7.0.2
java_class_path (initial): C:\Users\usuario\.gradle\wrapper\dists\gradle-7.0.2-bin\857tjihv64xamwrf0h14cai3r\gradle-7.0.2\lib\gradle-launcher-7.0.2.jar
Launcher Type: SUN_STANDARD

[Global flags]
     intx CICompilerCount                          = 3                                         {product} {ergonomic}
     uint ConcGCThreads                            = 1                                         {product} {ergonomic}
     uint G1ConcRefinementThreads                  = 4                                         {product} {ergonomic}
   size_t G1HeapRegionSize                         = 1048576                                   {product} {ergonomic}
    uintx GCDrainStackTargetSize                   = 64                                        {product} {ergonomic}
   size_t InitialHeapSize                          = 134217728                                 {product} {ergonomic}
   size_t MarkStackSize                            = 4194304                                   {product} {ergonomic}
   size_t MaxHeapSize                              = 2147483648                                {product} {command line}
   size_t MaxNewSize                               = 1287651328                                {product} {ergonomic}
   size_t MinHeapDeltaBytes                        = 1048576                                   {product} {ergonomic}
    uintx NonNMethodCodeHeapSize                   = 5830732                                {pd product} {ergonomic}
    uintx NonProfiledCodeHeapSize                  = 122913754                              {pd product} {ergonomic}
    uintx ProfiledCodeHeapSize                     = 122913754                              {pd product} {ergonomic}
    uintx ReservedCodeCacheSize                    = 251658240                              {pd product} {ergonomic}
     bool SegmentedCodeCache                       = true                                      {product} {ergonomic}
     bool UseCompressedClassPointers               = true                                 {lp64_product} {ergonomic}
     bool UseCompressedOops                        = true                                 {lp64_product} {ergonomic}
     bool UseG1GC                                  = true                                      {product} {ergonomic}
     bool UseLargePagesIndividualAllocation        = false                                  {pd product} {ergonomic}

Logging:
Log output configuration:
 #0: stdout all=warning uptime,level,tags
 #1: stderr all=off uptime,level,tags

Environment Variables:
JAVA_HOME=C:\Program Files\Zulu\zulu-8\
PATH=C:\Program Files\Zulu\zulu-8\bin\;C:\Windows\system32;C:\Windows;C:\Windows\System32\Wbem;C:\Windows\System32\WindowsPowerShell\v1.0\;C:\Windows\System32\OpenSSH\;C:\Program Files (x86)\Intel\Intel(R) Management Engine Components\DAL;C:\Program Files\Intel\Intel(R) Management Engine Components\DAL;C:\ProgramData\UNIVALI\Portugol Studio;C:\Program Files\Git\cmd;C:\Program Files\Microsoft SQL Server\150\Tools\Binn\;C:\Program Files\Microsoft SQL Server\Client SDK\ODBC\170\Tools\Binn\;C:\Program Files\dotnet\;C:\Users\usuario\AppData\Local\Microsoft\WindowsApps;C:\Users\usuario\.dotnet\tools;C:\Users\usuario\AppData\Local\Programs\Microsoft VS Code\bin
USERNAME=usuario
OS=Windows_NT
PROCESSOR_IDENTIFIER=Intel64 Family 6 Model 78 Stepping 3, GenuineIntel



---------------  S Y S T E M  ---------------

OS: Windows 10 , 64 bit Build 19041 (10.0.19041.1348)
OS uptime: 6 days 15:17 hours

CPU:total 4 (initial active 4) (2 cores per cpu, 2 threads per core) family 6 model 78 stepping 3 microcode 0xcc, cmov, cx8, fxsr, mmx, sse, sse2, sse3, ssse3, sse4.1, sse4.2, popcnt, avx, avx2, aes, clmul, erms, 3dnowpref, lzcnt, ht, tsc, tscinvbit, bmi1, bmi2, adx, fma

Memory: 4k page, system-wide physical 8083M (887M free)
TotalPageFile size 12179M (AvailPageFile size 52M)
current process WorkingSet (physical memory assigned to process): 550M, peak: 556M
current process commit charge ("private bytes"): 657M, peak: 764M

vm_info: OpenJDK 64-Bit Server VM (11.0.10+0-b96-7249189) for windows-amd64 JRE (11.0.10+0-b96-7249189), built on Mar 31 2021 21:44:00 by "builder" with MS VC++ 14.0 (VS2015)

END.
